Tue Jul 31 09:22:35 UserDiv from Layout.INI for AutoECO: 60
Tue Jul 31 09:22:35 Loaded file C:\ORCAD\ORCAD_10.5\TOOLS\LAYOUT_PLUS\DATA\_DEFAULT.TCH
Tue Jul 31 09:22:35 Loaded file C:\OrCAD\OrCAD_10.5\tools\Layout_Plus\library\BCON100T.llb
Tue Jul 31 09:22:35 Loaded file C:\OrCAD\OrCAD_10.5\tools\Layout_Plus\library\BCON156T.llb
Tue Jul 31 09:22:35 Loaded file C:\OrCAD\OrCAD_10.5\tools\Layout_Plus\library\BGA.llb
Tue Jul 31 09:22:35 Loaded file C:\OrCAD\OrCAD_10.5\tools\Layout_Plus\library\CLCC.llb
Tue Jul 31 09:22:35 Loaded file C:\OrCAD\OrCAD_10.5\tools\Layout_Plus\library\DCON050T.llb
Tue Jul 31 09:22:35 Loaded file C:\OrCAD\OrCAD_10.5\tools\Layout_Plus\library\DCON085T.llb
Tue Jul 31 09:22:35 Loaded file C:\OrCAD\OrCAD_10.5\tools\Layout_Plus\library\DIMM050F.llb
Tue Jul 31 09:22:35 Loaded file C:\OrCAD\OrCAD_10.5\tools\Layout_Plus\library\DIMM050T.llb
Tue Jul 31 09:22:35 Loaded file C:\OrCAD\OrCAD_10.5\tools\Layout_Plus\library\DIN.llb
Tue Jul 31 09:22:35 Loaded file C:\OrCAD\OrCAD_10.5\tools\Layout_Plus\library\DIP100B.llb
Tue Jul 31 09:22:35 Loaded file C:\OrCAD\OrCAD_10.5\tools\Layout_Plus\library\DIP100T.llb
Tue Jul 31 09:22:35 Loaded file C:\OrCAD\OrCAD_10.5\tools\Layout_Plus\library\DSUBT.llb
Tue Jul 31 09:22:35 Loaded file C:\OrCAD\OrCAD_10.5\tools\Layout_Plus\library\DSUBT_HD.LLB
Tue Jul 31 09:22:35 Loaded file C:\OrCAD\OrCAD_10.5\tools\Layout_Plus\library\ECON100T.llb
Tue Jul 31 09:22:35 Loaded file C:\OrCAD\OrCAD_10.5\tools\Layout_Plus\library\FBUS.llb
Tue Jul 31 09:22:35 Loaded file C:\OrCAD\OrCAD_10.5\tools\Layout_Plus\library\ISA.llb
Tue Jul 31 09:22:35 Loaded file C:\OrCAD\OrCAD_10.5\tools\Layout_Plus\library\JUMPER.LLB
Tue Jul 31 09:22:35 Loaded file C:\OrCAD\OrCAD_10.5\tools\Layout_Plus\library\LAYOUT.llb
Tue Jul 31 09:22:35 Loaded file C:\OrCAD\OrCAD_10.5\tools\Layout_Plus\library\LCON100T.llb
Tue Jul 31 09:22:35 Loaded file C:\OrCAD\OrCAD_10.5\tools\Layout_Plus\library\PC104.llb
Tue Jul 31 09:22:35 Loaded file C:\OrCAD\OrCAD_10.5\tools\Layout_Plus\library\PCI.llb
Tue Jul 31 09:22:35 Loaded file C:\OrCAD\OrCAD_10.5\tools\Layout_Plus\library\PCON100T.llb
Tue Jul 31 09:22:35 Loaded file C:\OrCAD\OrCAD_10.5\tools\Layout_Plus\library\PCON156T.llb
Tue Jul 31 09:22:35 Loaded file C:\OrCAD\OrCAD_10.5\tools\Layout_Plus\library\PGA.llb
Tue Jul 31 09:22:35 Loaded file C:\OrCAD\OrCAD_10.5\tools\Layout_Plus\library\PLCC.llb
Tue Jul 31 09:22:35 Loaded file C:\OrCAD\OrCAD_10.5\tools\Layout_Plus\library\QUAD.llb
Tue Jul 31 09:22:35 Loaded file C:\OrCAD\OrCAD_10.5\tools\Layout_Plus\library\QUADB.llb
Tue Jul 31 09:22:35 Loaded file C:\OrCAD\OrCAD_10.5\tools\Layout_Plus\library\RELAY.llb
Tue Jul 31 09:22:35 Loaded file C:\OrCAD\OrCAD_10.5\tools\Layout_Plus\library\RF.llb
Tue Jul 31 09:22:35 Loaded file C:\OrCAD\OrCAD_10.5\tools\Layout_Plus\library\SBUS.llb
Tue Jul 31 09:22:35 Loaded file C:\OrCAD\OrCAD_10.5\tools\Layout_Plus\library\SIMM050F.llb
Tue Jul 31 09:22:35 Loaded file C:\OrCAD\OrCAD_10.5\tools\Layout_Plus\library\SIMM050T.llb
Tue Jul 31 09:22:35 Loaded file C:\OrCAD\OrCAD_10.5\tools\Layout_Plus\library\SIMM100F.llb
Tue Jul 31 09:22:35 Loaded file C:\OrCAD\OrCAD_10.5\tools\Layout_Plus\library\SIMM100T.llb
Tue Jul 31 09:22:35 Loaded file C:\OrCAD\OrCAD_10.5\tools\Layout_Plus\library\SIP.llb
Tue Jul 31 09:22:35 Loaded file C:\OrCAD\OrCAD_10.5\tools\Layout_Plus\library\SM.llb
Tue Jul 31 09:22:35 Loaded file C:\OrCAD\OrCAD_10.5\tools\Layout_Plus\library\SOG.llb
Tue Jul 31 09:22:35 Loaded file C:\OrCAD\OrCAD_10.5\tools\Layout_Plus\library\SOJ.llb
Tue Jul 31 09:22:35 Loaded file C:\OrCAD\OrCAD_10.5\tools\Layout_Plus\library\STIFF.llb
Tue Jul 31 09:22:35 Loaded file C:\OrCAD\OrCAD_10.5\tools\Layout_Plus\library\TELE.llb
Tue Jul 31 09:22:35 Loaded file C:\OrCAD\OrCAD_10.5\tools\Layout_Plus\library\TM_AXIAL.llb
Tue Jul 31 09:22:35 Loaded file C:\OrCAD\OrCAD_10.5\tools\Layout_Plus\library\TM_CAP_P.llb
Tue Jul 31 09:22:35 Loaded file C:\OrCAD\OrCAD_10.5\tools\Layout_Plus\library\TM_CYLND.llb
Tue Jul 31 09:22:35 Loaded file C:\OrCAD\OrCAD_10.5\tools\Layout_Plus\library\TM_DIODE.llb
Tue Jul 31 09:22:35 Loaded file C:\OrCAD\OrCAD_10.5\tools\Layout_Plus\library\TM_DISC.llb
Tue Jul 31 09:22:35 Loaded file C:\OrCAD\OrCAD_10.5\tools\Layout_Plus\library\TM_RAD.llb
Tue Jul 31 09:22:35 Loaded file C:\OrCAD\OrCAD_10.5\tools\Layout_Plus\library\TO.llb
Tue Jul 31 09:22:35 Loaded file C:\OrCAD\OrCAD_10.5\tools\Layout_Plus\library\TRAINING.LLB
Tue Jul 31 09:22:35 Loaded file C:\OrCAD\OrCAD_10.5\tools\Layout_Plus\library\VRES.llb
Tue Jul 31 09:22:35 Loaded file C:\OrCAD\OrCAD_10.5\tools\Layout_Plus\library\WCON100T.llb
Tue Jul 31 09:22:35 Loaded file C:\OrCAD\OrCAD_10.5\tools\Layout_Plus\library\XT.llb
Tue Jul 31 09:22:35 Loaded file C:\OrCAD\OrCAD_10.5\tools\Layout_Plus\library\ZIGZAG.llb
Tue Jul 31 09:22:35 Loaded file C:\ORCAD\ORCAD_10.5\TOOLS\LAYOUT_PLUS\DATA\_DEFAULT.TCH
Tue Jul 31 09:22:35 Saved as file C:\ORCAD\ORCAD_10.5\TOOLS\LAYOUT_PLUS\DATA\_DEFAULT.TCH
Tue Jul 31 09:40:11 UserDiv from Layout.INI for AutoECO: 60
Tue Jul 31 09:40:11 Loaded file C:\ORCAD\ORCAD_10.5\TOOLS\LAYOUT_PLUS\DATA\_DEFAULT.TCH
Tue Jul 31 09:40:11 Loaded file C:\OrCAD\OrCAD_10.5\tools\Layout_Plus\library\BCON100T.llb
Tue Jul 31 09:40:11 Loaded file C:\OrCAD\OrCAD_10.5\tools\Layout_Plus\library\BCON156T.llb
Tue Jul 31 09:40:11 Loaded file C:\OrCAD\OrCAD_10.5\tools\Layout_Plus\library\BGA.llb
Tue Jul 31 09:40:11 Loaded file C:\OrCAD\OrCAD_10.5\tools\Layout_Plus\library\CLCC.llb
Tue Jul 31 09:40:11 Loaded file C:\OrCAD\OrCAD_10.5\tools\Layout_Plus\library\DCON050T.llb
Tue Jul 31 09:40:11 Loaded file C:\OrCAD\OrCAD_10.5\tools\Layout_Plus\library\DCON085T.llb
Tue Jul 31 09:40:11 Loaded file C:\OrCAD\OrCAD_10.5\tools\Layout_Plus\library\DIMM050F.llb
Tue Jul 31 09:40:11 Loaded file C:\OrCAD\OrCAD_10.5\tools\Layout_Plus\library\DIMM050T.llb
Tue Jul 31 09:40:11 Loaded file C:\OrCAD\OrCAD_10.5\tools\Layout_Plus\library\DIN.llb
Tue Jul 31 09:40:11 Loaded file C:\OrCAD\OrCAD_10.5\tools\Layout_Plus\library\DIP100B.llb
Tue Jul 31 09:40:11 Loaded file C:\OrCAD\OrCAD_10.5\tools\Layout_Plus\library\DIP100T.llb
Tue Jul 31 09:40:11 Loaded file C:\OrCAD\OrCAD_10.5\tools\Layout_Plus\library\DSUBT.llb
Tue Jul 31 09:40:11 Loaded file C:\OrCAD\OrCAD_10.5\tools\Layout_Plus\library\DSUBT_HD.LLB
Tue Jul 31 09:40:11 Loaded file C:\OrCAD\OrCAD_10.5\tools\Layout_Plus\library\ECON100T.llb
Tue Jul 31 09:40:11 Loaded file C:\OrCAD\OrCAD_10.5\tools\Layout_Plus\library\FBUS.llb
Tue Jul 31 09:40:11 Loaded file C:\OrCAD\OrCAD_10.5\tools\Layout_Plus\library\ISA.llb
Tue Jul 31 09:40:11 Loaded file C:\OrCAD\OrCAD_10.5\tools\Layout_Plus\library\JUMPER.LLB
Tue Jul 31 09:40:11 Loaded file C:\OrCAD\OrCAD_10.5\tools\Layout_Plus\library\LAYOUT.llb
Tue Jul 31 09:40:11 Loaded file C:\OrCAD\OrCAD_10.5\tools\Layout_Plus\library\LCON100T.llb
Tue Jul 31 09:40:11 Loaded file C:\OrCAD\OrCAD_10.5\tools\Layout_Plus\library\PC104.llb
Tue Jul 31 09:40:11 Loaded file C:\OrCAD\OrCAD_10.5\tools\Layout_Plus\library\PCI.llb
Tue Jul 31 09:40:11 Loaded file C:\OrCAD\OrCAD_10.5\tools\Layout_Plus\library\PCON100T.llb
Tue Jul 31 09:40:11 Loaded file C:\OrCAD\OrCAD_10.5\tools\Layout_Plus\library\PCON156T.llb
Tue Jul 31 09:40:11 Loaded file C:\OrCAD\OrCAD_10.5\tools\Layout_Plus\library\PGA.llb
Tue Jul 31 09:40:11 Loaded file C:\OrCAD\OrCAD_10.5\tools\Layout_Plus\library\PLCC.llb
Tue Jul 31 09:40:11 Loaded file C:\OrCAD\OrCAD_10.5\tools\Layout_Plus\library\QUAD.llb
Tue Jul 31 09:40:11 Loaded file C:\OrCAD\OrCAD_10.5\tools\Layout_Plus\library\QUADB.llb
Tue Jul 31 09:40:11 Loaded file C:\OrCAD\OrCAD_10.5\tools\Layout_Plus\library\RELAY.llb
Tue Jul 31 09:40:11 Loaded file C:\OrCAD\OrCAD_10.5\tools\Layout_Plus\library\RF.llb
Tue Jul 31 09:40:11 Loaded file C:\OrCAD\OrCAD_10.5\tools\Layout_Plus\library\SBUS.llb
Tue Jul 31 09:40:11 Loaded file C:\OrCAD\OrCAD_10.5\tools\Layout_Plus\library\SIMM050F.llb
Tue Jul 31 09:40:11 Loaded file C:\OrCAD\OrCAD_10.5\tools\Layout_Plus\library\SIMM050T.llb
Tue Jul 31 09:40:11 Loaded file C:\OrCAD\OrCAD_10.5\tools\Layout_Plus\library\SIMM100F.llb
Tue Jul 31 09:40:11 Loaded file C:\OrCAD\OrCAD_10.5\tools\Layout_Plus\library\SIMM100T.llb
Tue Jul 31 09:40:11 Loaded file C:\OrCAD\OrCAD_10.5\tools\Layout_Plus\library\SIP.llb
Tue Jul 31 09:40:11 Loaded file C:\OrCAD\OrCAD_10.5\tools\Layout_Plus\library\SM.llb
Tue Jul 31 09:40:11 Loaded file C:\OrCAD\OrCAD_10.5\tools\Layout_Plus\library\SOG.llb
Tue Jul 31 09:40:11 Loaded file C:\OrCAD\OrCAD_10.5\tools\Layout_Plus\library\SOJ.llb
Tue Jul 31 09:40:11 Loaded file C:\OrCAD\OrCAD_10.5\tools\Layout_Plus\library\STIFF.llb
Tue Jul 31 09:40:11 Loaded file C:\OrCAD\OrCAD_10.5\tools\Layout_Plus\library\TELE.llb
Tue Jul 31 09:40:11 Loaded file C:\OrCAD\OrCAD_10.5\tools\Layout_Plus\library\TM_AXIAL.llb
Tue Jul 31 09:40:11 Loaded file C:\OrCAD\OrCAD_10.5\tools\Layout_Plus\library\TM_CAP_P.llb
Tue Jul 31 09:40:11 Loaded file C:\OrCAD\OrCAD_10.5\tools\Layout_Plus\library\TM_CYLND.llb
Tue Jul 31 09:40:11 Loaded file C:\OrCAD\OrCAD_10.5\tools\Layout_Plus\library\TM_DIODE.llb
Tue Jul 31 09:40:11 Loaded file C:\OrCAD\OrCAD_10.5\tools\Layout_Plus\library\TM_DISC.llb
Tue Jul 31 09:40:11 Loaded file C:\OrCAD\OrCAD_10.5\tools\Layout_Plus\library\TM_RAD.llb
Tue Jul 31 09:40:11 Loaded file C:\OrCAD\OrCAD_10.5\tools\Layout_Plus\library\TO.llb
Tue Jul 31 09:40:11 Loaded file C:\OrCAD\OrCAD_10.5\tools\Layout_Plus\library\TRAINING.LLB
Tue Jul 31 09:40:11 Loaded file C:\OrCAD\OrCAD_10.5\tools\Layout_Plus\library\VRES.llb
Tue Jul 31 09:40:11 Loaded file C:\OrCAD\OrCAD_10.5\tools\Layout_Plus\library\WCON100T.llb
Tue Jul 31 09:40:11 Loaded file C:\OrCAD\OrCAD_10.5\tools\Layout_Plus\library\XT.llb
Tue Jul 31 09:40:11 Loaded file C:\OrCAD\OrCAD_10.5\tools\Layout_Plus\library\ZIGZAG.llb
Tue Jul 31 09:40:11 Loaded file C:\ORCAD\ORCAD_10.5\TOOLS\LAYOUT_PLUS\DATA\_DEFAULT.TCH
Tue Jul 31 09:40:11 Saved as file C:\ORCAD\ORCAD_10.5\TOOLS\LAYOUT_PLUS\DATA\_DEFAULT.TCH
Tue Jul 31 09:42:19 UserDiv from Layout.INI for AutoECO: 60
Tue Jul 31 09:42:19 Loaded file C:\ORCAD\ORCAD_10.5\TOOLS\LAYOUT_PLUS\DATA\_DEFAULT.TCH
Tue Jul 31 09:42:19 Loaded file C:\OrCAD\OrCAD_10.5\tools\Layout_Plus\library\BCON100T.llb
Tue Jul 31 09:42:19 Loaded file C:\OrCAD\OrCAD_10.5\tools\Layout_Plus\library\BCON156T.llb
Tue Jul 31 09:42:19 Loaded file C:\OrCAD\OrCAD_10.5\tools\Layout_Plus\library\BGA.llb
Tue Jul 31 09:42:19 Loaded file C:\OrCAD\OrCAD_10.5\tools\Layout_Plus\library\CLCC.llb
Tue Jul 31 09:42:19 Loaded file C:\OrCAD\OrCAD_10.5\tools\Layout_Plus\library\DCON050T.llb
Tue Jul 31 09:42:19 Loaded file C:\OrCAD\OrCAD_10.5\tools\Layout_Plus\library\DCON085T.llb
Tue Jul 31 09:42:19 Loaded file C:\OrCAD\OrCAD_10.5\tools\Layout_Plus\library\DIMM050F.llb
Tue Jul 31 09:42:19 Loaded file C:\OrCAD\OrCAD_10.5\tools\Layout_Plus\library\DIMM050T.llb
Tue Jul 31 09:42:19 Loaded file C:\OrCAD\OrCAD_10.5\tools\Layout_Plus\library\DIN.llb
Tue Jul 31 09:42:19 Loaded file C:\OrCAD\OrCAD_10.5\tools\Layout_Plus\library\DIP100B.llb
Tue Jul 31 09:42:19 Loaded file C:\OrCAD\OrCAD_10.5\tools\Layout_Plus\library\DIP100T.llb
Tue Jul 31 09:42:19 Loaded file C:\OrCAD\OrCAD_10.5\tools\Layout_Plus\library\DSUBT.llb
Tue Jul 31 09:42:19 Loaded file C:\OrCAD\OrCAD_10.5\tools\Layout_Plus\library\DSUBT_HD.LLB
Tue Jul 31 09:42:19 Loaded file C:\OrCAD\OrCAD_10.5\tools\Layout_Plus\library\ECON100T.llb
Tue Jul 31 09:42:19 Loaded file C:\OrCAD\OrCAD_10.5\tools\Layout_Plus\library\FBUS.llb
Tue Jul 31 09:42:19 Loaded file C:\OrCAD\OrCAD_10.5\tools\Layout_Plus\library\ISA.llb
Tue Jul 31 09:42:19 Loaded file C:\OrCAD\OrCAD_10.5\tools\Layout_Plus\library\JUMPER.LLB
Tue Jul 31 09:42:19 Loaded file C:\OrCAD\OrCAD_10.5\tools\Layout_Plus\library\LAYOUT.llb
Tue Jul 31 09:42:19 Loaded file C:\OrCAD\OrCAD_10.5\tools\Layout_Plus\library\LCON100T.llb
Tue Jul 31 09:42:19 Loaded file C:\OrCAD\OrCAD_10.5\tools\Layout_Plus\library\PC104.llb
Tue Jul 31 09:42:19 Loaded file C:\OrCAD\OrCAD_10.5\tools\Layout_Plus\library\PCI.llb
Tue Jul 31 09:42:19 Loaded file C:\OrCAD\OrCAD_10.5\tools\Layout_Plus\library\PCON100T.llb
Tue Jul 31 09:42:19 Loaded file C:\OrCAD\OrCAD_10.5\tools\Layout_Plus\library\PCON156T.llb
Tue Jul 31 09:42:19 Loaded file C:\OrCAD\OrCAD_10.5\tools\Layout_Plus\library\PGA.llb
Tue Jul 31 09:42:19 Loaded file C:\OrCAD\OrCAD_10.5\tools\Layout_Plus\library\PLCC.llb
Tue Jul 31 09:42:19 Loaded file C:\OrCAD\OrCAD_10.5\tools\Layout_Plus\library\QUAD.llb
Tue Jul 31 09:42:19 Loaded file C:\OrCAD\OrCAD_10.5\tools\Layout_Plus\library\QUADB.llb
Tue Jul 31 09:42:19 Loaded file C:\OrCAD\OrCAD_10.5\tools\Layout_Plus\library\RELAY.llb
Tue Jul 31 09:42:19 Loaded file C:\OrCAD\OrCAD_10.5\tools\Layout_Plus\library\RF.llb
Tue Jul 31 09:42:19 Loaded file C:\OrCAD\OrCAD_10.5\tools\Layout_Plus\library\SBUS.llb
Tue Jul 31 09:42:19 Loaded file C:\OrCAD\OrCAD_10.5\tools\Layout_Plus\library\SIMM050F.llb
Tue Jul 31 09:42:19 Loaded file C:\OrCAD\OrCAD_10.5\tools\Layout_Plus\library\SIMM050T.llb
Tue Jul 31 09:42:19 Loaded file C:\OrCAD\OrCAD_10.5\tools\Layout_Plus\library\SIMM100F.llb
Tue Jul 31 09:42:19 Loaded file C:\OrCAD\OrCAD_10.5\tools\Layout_Plus\library\SIMM100T.llb
Tue Jul 31 09:42:19 Loaded file C:\OrCAD\OrCAD_10.5\tools\Layout_Plus\library\SIP.llb
Tue Jul 31 09:42:19 Loaded file C:\OrCAD\OrCAD_10.5\tools\Layout_Plus\library\SM.llb
Tue Jul 31 09:42:19 Loaded file C:\OrCAD\OrCAD_10.5\tools\Layout_Plus\library\SOG.llb
Tue Jul 31 09:42:19 Loaded file C:\OrCAD\OrCAD_10.5\tools\Layout_Plus\library\SOJ.llb
Tue Jul 31 09:42:19 Loaded file C:\OrCAD\OrCAD_10.5\tools\Layout_Plus\library\STIFF.llb
Tue Jul 31 09:42:19 Loaded file C:\OrCAD\OrCAD_10.5\tools\Layout_Plus\library\TELE.llb
Tue Jul 31 09:42:19 Loaded file C:\OrCAD\OrCAD_10.5\tools\Layout_Plus\library\TM_AXIAL.llb
Tue Jul 31 09:42:19 Loaded file C:\OrCAD\OrCAD_10.5\tools\Layout_Plus\library\TM_CAP_P.llb
Tue Jul 31 09:42:19 Loaded file C:\OrCAD\OrCAD_10.5\tools\Layout_Plus\library\TM_CYLND.llb
Tue Jul 31 09:42:19 Loaded file C:\OrCAD\OrCAD_10.5\tools\Layout_Plus\library\TM_DIODE.llb
Tue Jul 31 09:42:19 Loaded file C:\OrCAD\OrCAD_10.5\tools\Layout_Plus\library\TM_DISC.llb
Tue Jul 31 09:42:19 Loaded file C:\OrCAD\OrCAD_10.5\tools\Layout_Plus\library\TM_RAD.llb
Tue Jul 31 09:42:19 Loaded file C:\OrCAD\OrCAD_10.5\tools\Layout_Plus\library\TO.llb
Tue Jul 31 09:42:19 Loaded file C:\OrCAD\OrCAD_10.5\tools\Layout_Plus\library\TRAINING.LLB
Tue Jul 31 09:42:19 Loaded file C:\OrCAD\OrCAD_10.5\tools\Layout_Plus\library\VRES.llb
Tue Jul 31 09:42:19 Loaded file C:\OrCAD\OrCAD_10.5\tools\Layout_Plus\library\WCON100T.llb
Tue Jul 31 09:42:19 Loaded file C:\OrCAD\OrCAD_10.5\tools\Layout_Plus\library\XT.llb
Tue Jul 31 09:42:19 Loaded file C:\OrCAD\OrCAD_10.5\tools\Layout_Plus\library\ZIGZAG.llb
Tue Jul 31 09:42:19 Loaded file C:\ORCAD\ORCAD_10.5\TOOLS\LAYOUT_PLUS\DATA\_DEFAULT.TCH
Tue Jul 31 09:42:19 Saved as file C:\ORCAD\ORCAD_10.5\TOOLS\LAYOUT_PLUS\DATA\_DEFAULT.TCH
Tue Jul 31 09:43:13 UserDiv from Layout.INI for AutoECO: 60
Tue Jul 31 09:43:13 Loaded file E:\CODE PROJECT\TI-PCB\_DEFAULT.TCH
Tue Jul 31 09:43:14 Loaded file C:\OrCAD\OrCAD_10.5\tools\Layout_Plus\library\BCON100T.llb
Tue Jul 31 09:43:14 Loaded file C:\OrCAD\OrCAD_10.5\tools\Layout_Plus\library\BCON156T.llb
Tue Jul 31 09:43:14 Loaded file C:\OrCAD\OrCAD_10.5\tools\Layout_Plus\library\BGA.llb
Tue Jul 31 09:43:14 Loaded file C:\OrCAD\OrCAD_10.5\tools\Layout_Plus\library\CLCC.llb
Tue Jul 31 09:43:14 Loaded file C:\OrCAD\OrCAD_10.5\tools\Layout_Plus\library\DCON050T.llb
Tue Jul 31 09:43:14 Loaded file C:\OrCAD\OrCAD_10.5\tools\Layout_Plus\library\DCON085T.llb
Tue Jul 31 09:43:14 Loaded file C:\OrCAD\OrCAD_10.5\tools\Layout_Plus\library\DIMM050F.llb
Tue Jul 31 09:43:14 Loaded file C:\OrCAD\OrCAD_10.5\tools\Layout_Plus\library\DIMM050T.llb
Tue Jul 31 09:43:14 Loaded file C:\OrCAD\OrCAD_10.5\tools\Layout_Plus\library\DIN.llb
Tue Jul 31 09:43:14 Loaded file C:\OrCAD\OrCAD_10.5\tools\Layout_Plus\library\DIP100B.llb
Tue Jul 31 09:43:14 Loaded file C:\OrCAD\OrCAD_10.5\tools\Layout_Plus\library\DIP100T.llb
Tue Jul 31 09:43:14 Loaded file C:\OrCAD\OrCAD_10.5\tools\Layout_Plus\library\DSUBT.llb
Tue Jul 31 09:43:14 Loaded file C:\OrCAD\OrCAD_10.5\tools\Layout_Plus\library\DSUBT_HD.LLB
Tue Jul 31 09:43:14 Loaded file C:\OrCAD\OrCAD_10.5\tools\Layout_Plus\library\ECON100T.llb
Tue Jul 31 09:43:14 Loaded file C:\OrCAD\OrCAD_10.5\tools\Layout_Plus\library\FBUS.llb
Tue Jul 31 09:43:14 Loaded file C:\OrCAD\OrCAD_10.5\tools\Layout_Plus\library\ISA.llb
Tue Jul 31 09:43:14 Loaded file C:\OrCAD\OrCAD_10.5\tools\Layout_Plus\library\JUMPER.LLB
Tue Jul 31 09:43:14 Loaded file C:\OrCAD\OrCAD_10.5\tools\Layout_Plus\library\LAYOUT.llb
Tue Jul 31 09:43:14 Loaded file C:\OrCAD\OrCAD_10.5\tools\Layout_Plus\library\LCON100T.llb
Tue Jul 31 09:43:14 Loaded file C:\OrCAD\OrCAD_10.5\tools\Layout_Plus\library\PC104.llb
Tue Jul 31 09:43:14 Loaded file C:\OrCAD\OrCAD_10.5\tools\Layout_Plus\library\PCI.llb
Tue Jul 31 09:43:14 Loaded file C:\OrCAD\OrCAD_10.5\tools\Layout_Plus\library\PCON100T.llb
Tue Jul 31 09:43:14 Loaded file C:\OrCAD\OrCAD_10.5\tools\Layout_Plus\library\PCON156T.llb
Tue Jul 31 09:43:14 Loaded file C:\OrCAD\OrCAD_10.5\tools\Layout_Plus\library\PGA.llb
Tue Jul 31 09:43:14 Loaded file C:\OrCAD\OrCAD_10.5\tools\Layout_Plus\library\PLCC.llb
Tue Jul 31 09:43:14 Loaded file C:\OrCAD\OrCAD_10.5\tools\Layout_Plus\library\QUAD.llb
Tue Jul 31 09:43:14 Loaded file C:\OrCAD\OrCAD_10.5\tools\Layout_Plus\library\QUADB.llb
Tue Jul 31 09:43:14 Loaded file C:\OrCAD\OrCAD_10.5\tools\Layout_Plus\library\RELAY.llb
Tue Jul 31 09:43:14 Loaded file C:\OrCAD\OrCAD_10.5\tools\Layout_Plus\library\RF.llb
Tue Jul 31 09:43:14 Loaded file C:\OrCAD\OrCAD_10.5\tools\Layout_Plus\library\SBUS.llb
Tue Jul 31 09:43:14 Loaded file C:\OrCAD\OrCAD_10.5\tools\Layout_Plus\library\SIMM050F.llb
Tue Jul 31 09:43:14 Loaded file C:\OrCAD\OrCAD_10.5\tools\Layout_Plus\library\SIMM050T.llb
Tue Jul 31 09:43:14 Loaded file C:\OrCAD\OrCAD_10.5\tools\Layout_Plus\library\SIMM100F.llb
Tue Jul 31 09:43:14 Loaded file C:\OrCAD\OrCAD_10.5\tools\Layout_Plus\library\SIMM100T.llb
Tue Jul 31 09:43:14 Loaded file C:\OrCAD\OrCAD_10.5\tools\Layout_Plus\library\SIP.llb
Tue Jul 31 09:43:14 Loaded file C:\OrCAD\OrCAD_10.5\tools\Layout_Plus\library\SM.llb
Tue Jul 31 09:43:14 Loaded file C:\OrCAD\OrCAD_10.5\tools\Layout_Plus\library\SOG.llb
Tue Jul 31 09:43:14 Loaded file C:\OrCAD\OrCAD_10.5\tools\Layout_Plus\library\SOJ.llb
Tue Jul 31 09:43:14 Loaded file C:\OrCAD\OrCAD_10.5\tools\Layout_Plus\library\STIFF.llb
Tue Jul 31 09:43:14 Loaded file C:\OrCAD\OrCAD_10.5\tools\Layout_Plus\library\TELE.llb
Tue Jul 31 09:43:14 Loaded file C:\OrCAD\OrCAD_10.5\tools\Layout_Plus\library\TM_AXIAL.llb
Tue Jul 31 09:43:14 Loaded file C:\OrCAD\OrCAD_10.5\tools\Layout_Plus\library\TM_CAP_P.llb
Tue Jul 31 09:43:14 Loaded file C:\OrCAD\OrCAD_10.5\tools\Layout_Plus\library\TM_CYLND.llb
Tue Jul 31 09:43:14 Loaded file C:\OrCAD\OrCAD_10.5\tools\Layout_Plus\library\TM_DIODE.llb
Tue Jul 31 09:43:14 Loaded file C:\OrCAD\OrCAD_10.5\tools\Layout_Plus\library\TM_DISC.llb
Tue Jul 31 09:43:14 Loaded file C:\OrCAD\OrCAD_10.5\tools\Layout_Plus\library\TM_RAD.llb
Tue Jul 31 09:43:14 Loaded file C:\OrCAD\OrCAD_10.5\tools\Layout_Plus\library\TO.llb
Tue Jul 31 09:43:14 Loaded file C:\OrCAD\OrCAD_10.5\tools\Layout_Plus\library\TRAINING.LLB
Tue Jul 31 09:43:14 Loaded file C:\OrCAD\OrCAD_10.5\tools\Layout_Plus\library\VRES.llb
Tue Jul 31 09:43:14 Loaded file C:\OrCAD\OrCAD_10.5\tools\Layout_Plus\library\WCON100T.llb
Tue Jul 31 09:43:14 Loaded file C:\OrCAD\OrCAD_10.5\tools\Layout_Plus\library\XT.llb
Tue Jul 31 09:43:14 Loaded file C:\OrCAD\OrCAD_10.5\tools\Layout_Plus\library\ZIGZAG.llb
Tue Jul 31 09:44:11 Loaded file E:\CODE PROJECT\TI-PCB\_DEFAULT.TCH
Tue Jul 31 09:44:11 Saved as file E:\CODE PROJECT\TI-PCB\_DEFAULT.TCH
Tue Jul 31 09:44:48 UserDiv from Layout.INI for AutoECO: 60
Tue Jul 31 09:44:48 Loaded file C:\ORCAD\ORCAD_10.5\TOOLS\LAYOUT_PLUS\DATA\_DEFAULT.TCH
Tue Jul 31 09:44:48 Loaded file C:\OrCAD\OrCAD_10.5\tools\Layout_Plus\library\BCON100T.llb
Tue Jul 31 09:44:48 Loaded file C:\OrCAD\OrCAD_10.5\tools\Layout_Plus\library\BCON156T.llb
Tue Jul 31 09:44:48 Loaded file C:\OrCAD\OrCAD_10.5\tools\Layout_Plus\library\BGA.llb
Tue Jul 31 09:44:48 Loaded file C:\OrCAD\OrCAD_10.5\tools\Layout_Plus\library\CLCC.llb
Tue Jul 31 09:44:48 Loaded file C:\OrCAD\OrCAD_10.5\tools\Layout_Plus\library\DCON050T.llb
Tue Jul 31 09:44:48 Loaded file C:\OrCAD\OrCAD_10.5\tools\Layout_Plus\library\DCON085T.llb
Tue Jul 31 09:44:48 Loaded file C:\OrCAD\OrCAD_10.5\tools\Layout_Plus\library\DIMM050F.llb
Tue Jul 31 09:44:48 Loaded file C:\OrCAD\OrCAD_10.5\tools\Layout_Plus\library\DIMM050T.llb
Tue Jul 31 09:44:48 Loaded file C:\OrCAD\OrCAD_10.5\tools\Layout_Plus\library\DIN.llb
Tue Jul 31 09:44:48 Loaded file C:\OrCAD\OrCAD_10.5\tools\Layout_Plus\library\DIP100B.llb
Tue Jul 31 09:44:48 Loaded file C:\OrCAD\OrCAD_10.5\tools\Layout_Plus\library\DIP100T.llb
Tue Jul 31 09:44:48 Loaded file C:\OrCAD\OrCAD_10.5\tools\Layout_Plus\library\DSUBT.llb
Tue Jul 31 09:44:48 Loaded file C:\OrCAD\OrCAD_10.5\tools\Layout_Plus\library\DSUBT_HD.LLB
Tue Jul 31 09:44:48 Loaded file C:\OrCAD\OrCAD_10.5\tools\Layout_Plus\library\ECON100T.llb
Tue Jul 31 09:44:48 Loaded file C:\OrCAD\OrCAD_10.5\tools\Layout_Plus\library\FBUS.llb
Tue Jul 31 09:44:48 Loaded file C:\OrCAD\OrCAD_10.5\tools\Layout_Plus\library\ISA.llb
Tue Jul 31 09:44:48 Loaded file C:\OrCAD\OrCAD_10.5\tools\Layout_Plus\library\JUMPER.LLB
Tue Jul 31 09:44:48 Loaded file C:\OrCAD\OrCAD_10.5\tools\Layout_Plus\library\LAYOUT.llb
Tue Jul 31 09:44:48 Loaded file C:\OrCAD\OrCAD_10.5\tools\Layout_Plus\library\LCON100T.llb
Tue Jul 31 09:44:48 Loaded file C:\OrCAD\OrCAD_10.5\tools\Layout_Plus\library\PC104.llb
Tue Jul 31 09:44:48 Loaded file C:\OrCAD\OrCAD_10.5\tools\Layout_Plus\library\PCI.llb
Tue Jul 31 09:44:48 Loaded file C:\OrCAD\OrCAD_10.5\tools\Layout_Plus\library\PCON100T.llb
Tue Jul 31 09:44:48 Loaded file C:\OrCAD\OrCAD_10.5\tools\Layout_Plus\library\PCON156T.llb
Tue Jul 31 09:44:48 Loaded file C:\OrCAD\OrCAD_10.5\tools\Layout_Plus\library\PGA.llb
Tue Jul 31 09:44:48 Loaded file C:\OrCAD\OrCAD_10.5\tools\Layout_Plus\library\PLCC.llb
Tue Jul 31 09:44:48 Loaded file C:\OrCAD\OrCAD_10.5\tools\Layout_Plus\library\QUAD.llb
Tue Jul 31 09:44:48 Loaded file C:\OrCAD\OrCAD_10.5\tools\Layout_Plus\library\QUADB.llb
Tue Jul 31 09:44:48 Loaded file C:\OrCAD\OrCAD_10.5\tools\Layout_Plus\library\RELAY.llb
Tue Jul 31 09:44:48 Loaded file C:\OrCAD\OrCAD_10.5\tools\Layout_Plus\library\RF.llb
Tue Jul 31 09:44:48 Loaded file C:\OrCAD\OrCAD_10.5\tools\Layout_Plus\library\SBUS.llb
Tue Jul 31 09:44:48 Loaded file C:\OrCAD\OrCAD_10.5\tools\Layout_Plus\library\SIMM050F.llb
Tue Jul 31 09:44:48 Loaded file C:\OrCAD\OrCAD_10.5\tools\Layout_Plus\library\SIMM050T.llb
Tue Jul 31 09:44:48 Loaded file C:\OrCAD\OrCAD_10.5\tools\Layout_Plus\library\SIMM100F.llb
Tue Jul 31 09:44:48 Loaded file C:\OrCAD\OrCAD_10.5\tools\Layout_Plus\library\SIMM100T.llb
Tue Jul 31 09:44:48 Loaded file C:\OrCAD\OrCAD_10.5\tools\Layout_Plus\library\SIP.llb
Tue Jul 31 09:44:48 Loaded file C:\OrCAD\OrCAD_10.5\tools\Layout_Plus\library\SM.llb
Tue Jul 31 09:44:48 Loaded file C:\OrCAD\OrCAD_10.5\tools\Layout_Plus\library\SOG.llb
Tue Jul 31 09:44:48 Loaded file C:\OrCAD\OrCAD_10.5\tools\Layout_Plus\library\SOJ.llb
Tue Jul 31 09:44:48 Loaded file C:\OrCAD\OrCAD_10.5\tools\Layout_Plus\library\STIFF.llb
Tue Jul 31 09:44:48 Loaded file C:\OrCAD\OrCAD_10.5\tools\Layout_Plus\library\TELE.llb
Tue Jul 31 09:44:48 Loaded file C:\OrCAD\OrCAD_10.5\tools\Layout_Plus\library\TM_AXIAL.llb
Tue Jul 31 09:44:48 Loaded file C:\OrCAD\OrCAD_10.5\tools\Layout_Plus\library\TM_CAP_P.llb
Tue Jul 31 09:44:48 Loaded file C:\OrCAD\OrCAD_10.5\tools\Layout_Plus\library\TM_CYLND.llb
Tue Jul 31 09:44:48 Loaded file C:\OrCAD\OrCAD_10.5\tools\Layout_Plus\library\TM_DIODE.llb
Tue Jul 31 09:44:48 Loaded file C:\OrCAD\OrCAD_10.5\tools\Layout_Plus\library\TM_DISC.llb
Tue Jul 31 09:44:48 Loaded file C:\OrCAD\OrCAD_10.5\tools\Layout_Plus\library\TM_RAD.llb
Tue Jul 31 09:44:48 Loaded file C:\OrCAD\OrCAD_10.5\tools\Layout_Plus\library\TO.llb
Tue Jul 31 09:44:48 Loaded file C:\OrCAD\OrCAD_10.5\tools\Layout_Plus\library\TRAINING.LLB
Tue Jul 31 09:44:48 Loaded file C:\OrCAD\OrCAD_10.5\tools\Layout_Plus\library\VRES.llb
Tue Jul 31 09:44:48 Loaded file C:\OrCAD\OrCAD_10.5\tools\Layout_Plus\library\WCON100T.llb
Tue Jul 31 09:44:48 Loaded file C:\OrCAD\OrCAD_10.5\tools\Layout_Plus\library\XT.llb
Tue Jul 31 09:44:48 Loaded file C:\OrCAD\OrCAD_10.5\tools\Layout_Plus\library\ZIGZAG.llb
Tue Jul 31 09:44:48 Loaded file C:\ORCAD\ORCAD_10.5\TOOLS\LAYOUT_PLUS\DATA\_DEFAULT.TCH
Tue Jul 31 09:44:48 Saved as file C:\ORCAD\ORCAD_10.5\TOOLS\LAYOUT_PLUS\DATA\_DEFAULT.TCH
Tue Jul 31 09:45:25 UserDiv from Layout.INI for AutoECO: 60
Tue Jul 31 09:45:25 Loaded file C:\ORCAD\ORCAD_10.5\TOOLS\LAYOUT_PLUS\DATA\_DEFAULT.TCH
Tue Jul 31 09:45:25 Loaded file C:\OrCAD\OrCAD_10.5\tools\Layout_Plus\library\BCON100T.llb
Tue Jul 31 09:45:25 Loaded file C:\OrCAD\OrCAD_10.5\tools\Layout_Plus\library\BCON156T.llb
Tue Jul 31 09:45:25 Loaded file C:\OrCAD\OrCAD_10.5\tools\Layout_Plus\library\BGA.llb
Tue Jul 31 09:45:25 Loaded file C:\OrCAD\OrCAD_10.5\tools\Layout_Plus\library\CLCC.llb
Tue Jul 31 09:45:25 Loaded file C:\OrCAD\OrCAD_10.5\tools\Layout_Plus\library\DCON050T.llb
Tue Jul 31 09:45:25 Loaded file C:\OrCAD\OrCAD_10.5\tools\Layout_Plus\library\DCON085T.llb
Tue Jul 31 09:45:25 Loaded file C:\OrCAD\OrCAD_10.5\tools\Layout_Plus\library\DIMM050F.llb
Tue Jul 31 09:45:25 Loaded file C:\OrCAD\OrCAD_10.5\tools\Layout_Plus\library\DIMM050T.llb
Tue Jul 31 09:45:25 Loaded file C:\OrCAD\OrCAD_10.5\tools\Layout_Plus\library\DIN.llb
Tue Jul 31 09:45:25 Loaded file C:\OrCAD\OrCAD_10.5\tools\Layout_Plus\library\DIP100B.llb
Tue Jul 31 09:45:25 Loaded file C:\OrCAD\OrCAD_10.5\tools\Layout_Plus\library\DIP100T.llb
Tue Jul 31 09:45:25 Loaded file C:\OrCAD\OrCAD_10.5\tools\Layout_Plus\library\DSUBT.llb
Tue Jul 31 09:45:25 Loaded file C:\OrCAD\OrCAD_10.5\tools\Layout_Plus\library\DSUBT_HD.LLB
Tue Jul 31 09:45:25 Loaded file C:\OrCAD\OrCAD_10.5\tools\Layout_Plus\library\ECON100T.llb
Tue Jul 31 09:45:25 Loaded file C:\OrCAD\OrCAD_10.5\tools\Layout_Plus\library\FBUS.llb
Tue Jul 31 09:45:25 Loaded file C:\OrCAD\OrCAD_10.5\tools\Layout_Plus\library\ISA.llb
Tue Jul 31 09:45:25 Loaded file C:\OrCAD\OrCAD_10.5\tools\Layout_Plus\library\JUMPER.LLB
Tue Jul 31 09:45:25 Loaded file C:\OrCAD\OrCAD_10.5\tools\Layout_Plus\library\LAYOUT.llb
Tue Jul 31 09:45:25 Loaded file C:\OrCAD\OrCAD_10.5\tools\Layout_Plus\library\LCON100T.llb
Tue Jul 31 09:45:25 Loaded file C:\OrCAD\OrCAD_10.5\tools\Layout_Plus\library\PC104.llb
Tue Jul 31 09:45:25 Loaded file C:\OrCAD\OrCAD_10.5\tools\Layout_Plus\library\PCI.llb
Tue Jul 31 09:45:25 Loaded file C:\OrCAD\OrCAD_10.5\tools\Layout_Plus\library\PCON100T.llb
Tue Jul 31 09:45:25 Loaded file C:\OrCAD\OrCAD_10.5\tools\Layout_Plus\library\PCON156T.llb
Tue Jul 31 09:45:25 Loaded file C:\OrCAD\OrCAD_10.5\tools\Layout_Plus\library\PGA.llb
Tue Jul 31 09:45:25 Loaded file C:\OrCAD\OrCAD_10.5\tools\Layout_Plus\library\PLCC.llb
Tue Jul 31 09:45:25 Loaded file C:\OrCAD\OrCAD_10.5\tools\Layout_Plus\library\QUAD.llb
Tue Jul 31 09:45:25 Loaded file C:\OrCAD\OrCAD_10.5\tools\Layout_Plus\library\QUADB.llb
Tue Jul 31 09:45:25 Loaded file C:\OrCAD\OrCAD_10.5\tools\Layout_Plus\library\RELAY.llb
Tue Jul 31 09:45:25 Loaded file C:\OrCAD\OrCAD_10.5\tools\Layout_Plus\library\RF.llb
Tue Jul 31 09:45:25 Loaded file C:\OrCAD\OrCAD_10.5\tools\Layout_Plus\library\SBUS.llb
Tue Jul 31 09:45:25 Loaded file C:\OrCAD\OrCAD_10.5\tools\Layout_Plus\library\SIMM050F.llb
Tue Jul 31 09:45:25 Loaded file C:\OrCAD\OrCAD_10.5\tools\Layout_Plus\library\SIMM050T.llb
Tue Jul 31 09:45:25 Loaded file C:\OrCAD\OrCAD_10.5\tools\Layout_Plus\library\SIMM100F.llb
Tue Jul 31 09:45:25 Loaded file C:\OrCAD\OrCAD_10.5\tools\Layout_Plus\library\SIMM100T.llb
Tue Jul 31 09:45:25 Loaded file C:\OrCAD\OrCAD_10.5\tools\Layout_Plus\library\SIP.llb
Tue Jul 31 09:45:25 Loaded file C:\OrCAD\OrCAD_10.5\tools\Layout_Plus\library\SM.llb
Tue Jul 31 09:45:25 Loaded file C:\OrCAD\OrCAD_10.5\tools\Layout_Plus\library\SOG.llb
Tue Jul 31 09:45:25 Loaded file C:\OrCAD\OrCAD_10.5\tools\Layout_Plus\library\SOJ.llb
Tue Jul 31 09:45:25 Loaded file C:\OrCAD\OrCAD_10.5\tools\Layout_Plus\library\STIFF.llb
Tue Jul 31 09:45:25 Loaded file C:\OrCAD\OrCAD_10.5\tools\Layout_Plus\library\TELE.llb
Tue Jul 31 09:45:25 Loaded file C:\OrCAD\OrCAD_10.5\tools\Layout_Plus\library\TM_AXIAL.llb
Tue Jul 31 09:45:25 Loaded file C:\OrCAD\OrCAD_10.5\tools\Layout_Plus\library\TM_CAP_P.llb
Tue Jul 31 09:45:25 Loaded file C:\OrCAD\OrCAD_10.5\tools\Layout_Plus\library\TM_CYLND.llb
Tue Jul 31 09:45:25 Loaded file C:\OrCAD\OrCAD_10.5\tools\Layout_Plus\library\TM_DIODE.llb
Tue Jul 31 09:45:25 Loaded file C:\OrCAD\OrCAD_10.5\tools\Layout_Plus\library\TM_DISC.llb
Tue Jul 31 09:45:25 Loaded file C:\OrCAD\OrCAD_10.5\tools\Layout_Plus\library\TM_RAD.llb
Tue Jul 31 09:45:25 Loaded file C:\OrCAD\OrCAD_10.5\tools\Layout_Plus\library\TO.llb
Tue Jul 31 09:45:25 Loaded file C:\OrCAD\OrCAD_10.5\tools\Layout_Plus\library\TRAINING.LLB
Tue Jul 31 09:45:25 Loaded file C:\OrCAD\OrCAD_10.5\tools\Layout_Plus\library\VRES.llb
Tue Jul 31 09:45:25 Loaded file C:\OrCAD\OrCAD_10.5\tools\Layout_Plus\library\WCON100T.llb
Tue Jul 31 09:45:25 Loaded file C:\OrCAD\OrCAD_10.5\tools\Layout_Plus\library\XT.llb
Tue Jul 31 09:45:25 Loaded file C:\OrCAD\OrCAD_10.5\tools\Layout_Plus\library\ZIGZAG.llb
Tue Jul 31 09:46:18 Loaded file C:\OrCAD\OrCAD_10.5\tools\Layout_Plus\data\template.imp
Tue Jul 31 09:46:18 Loaded file C:\OrCAD\OrCAD_10.5\tools\Layout_Plus\data\template.imp
Tue Jul 31 09:46:20 Loaded file C:\OrCAD\OrCAD_10.5\tools\Layout_Plus\library\BCON156T.llb
Tue Jul 31 09:46:21 Loaded file C:\OrCAD\OrCAD_10.5\tools\Layout_Plus\library\BCON100T.llb
Wed Aug 01 15:52:30 UserDiv from Layout.INI for AutoECO: 60
Wed Aug 01 15:52:30 Loaded file E:\CODE PROJECT\TI-PCB\_DEFAULT.TCH
Wed Aug 01 15:52:30 Loaded file C:\USERS\JO\DESKTOP\AEC32_UP.LLB
Wed Aug 01 15:52:30 Loaded file D:\SETUP\LAYOUT FOOTPIN LIBRARY\KIEENNX.LLB
Wed Aug 01 15:52:30 Loaded file D:\SETUP\LAYOUT FOOTPIN LIBRARY\LAYOUT LIBRARY MANUAL.LLB
Wed Aug 01 15:52:30 Loaded file D:\SETUP\LAYOUT FOOTPIN LIBRARY\LAYOUT_SMD.LLB
Wed Aug 01 15:52:30 Loaded file D:\SETUP\LAYOUT FOOTPIN LIBRARY\FULLACCESS(MODIFIED).LLB
Wed Aug 01 15:52:30 Loaded file D:\SETUP\LAYOUT FOOTPIN LIBRARY\LUMINARYMICRO.LLB
Wed Aug 01 15:52:30 Loaded file D:\SETUP\LAYOUT FOOTPIN LIBRARY\QUYEN NEW.LLB
Wed Aug 01 15:52:30 Loaded file D:\SETUP\LAYOUT FOOTPIN LIBRARY\QUYEN.LLB
Wed Aug 01 15:52:30 Loaded file C:\OrCAD\OrCAD_10.5\tools\Layout_Plus\library\BCON100T.llb
Wed Aug 01 15:52:30 Loaded file C:\OrCAD\OrCAD_10.5\tools\Layout_Plus\library\BCON156T.llb
Wed Aug 01 15:52:30 Loaded file C:\OrCAD\OrCAD_10.5\tools\Layout_Plus\library\BGA.llb
Wed Aug 01 15:52:30 Loaded file C:\OrCAD\OrCAD_10.5\tools\Layout_Plus\library\CLCC.llb
Wed Aug 01 15:52:30 Loaded file C:\OrCAD\OrCAD_10.5\tools\Layout_Plus\library\DCON050T.llb
Wed Aug 01 15:52:30 Loaded file C:\OrCAD\OrCAD_10.5\tools\Layout_Plus\library\DCON085T.llb
Wed Aug 01 15:52:30 Loaded file C:\OrCAD\OrCAD_10.5\tools\Layout_Plus\library\DIMM050F.llb
Wed Aug 01 15:52:30 Loaded file C:\OrCAD\OrCAD_10.5\tools\Layout_Plus\library\DIMM050T.llb
Wed Aug 01 15:52:30 Loaded file C:\OrCAD\OrCAD_10.5\tools\Layout_Plus\library\DIN.llb
Wed Aug 01 15:52:30 Loaded file C:\OrCAD\OrCAD_10.5\tools\Layout_Plus\library\DIP100B.llb
Wed Aug 01 15:52:30 Loaded file C:\OrCAD\OrCAD_10.5\tools\Layout_Plus\library\DIP100T.llb
Wed Aug 01 15:52:30 Loaded file C:\OrCAD\OrCAD_10.5\tools\Layout_Plus\library\DSUBT.llb
Wed Aug 01 15:52:30 Loaded file C:\OrCAD\OrCAD_10.5\tools\Layout_Plus\library\DSUBT_HD.LLB
Wed Aug 01 15:52:30 Loaded file C:\OrCAD\OrCAD_10.5\tools\Layout_Plus\library\ECON100T.llb
Wed Aug 01 15:52:30 Loaded file C:\OrCAD\OrCAD_10.5\tools\Layout_Plus\library\FBUS.llb
Wed Aug 01 15:52:30 Loaded file C:\OrCAD\OrCAD_10.5\tools\Layout_Plus\library\ISA.llb
Wed Aug 01 15:52:30 Loaded file C:\OrCAD\OrCAD_10.5\tools\Layout_Plus\library\JUMPER.LLB
Wed Aug 01 15:52:30 Loaded file C:\OrCAD\OrCAD_10.5\tools\Layout_Plus\library\LAYOUT.llb
Wed Aug 01 15:52:30 Loaded file C:\OrCAD\OrCAD_10.5\tools\Layout_Plus\library\LCON100T.llb
Wed Aug 01 15:52:30 Loaded file C:\OrCAD\OrCAD_10.5\tools\Layout_Plus\library\PC104.llb
Wed Aug 01 15:52:30 Loaded file C:\OrCAD\OrCAD_10.5\tools\Layout_Plus\library\PCI.llb
Wed Aug 01 15:52:30 Loaded file C:\OrCAD\OrCAD_10.5\tools\Layout_Plus\library\PCON100T.llb
Wed Aug 01 15:52:30 Loaded file C:\OrCAD\OrCAD_10.5\tools\Layout_Plus\library\PCON156T.llb
Wed Aug 01 15:52:30 Loaded file C:\OrCAD\OrCAD_10.5\tools\Layout_Plus\library\PGA.llb
Wed Aug 01 15:52:30 Loaded file C:\OrCAD\OrCAD_10.5\tools\Layout_Plus\library\PLCC.llb
Wed Aug 01 15:52:30 Loaded file C:\OrCAD\OrCAD_10.5\tools\Layout_Plus\library\QUAD.llb
Wed Aug 01 15:52:30 Loaded file C:\OrCAD\OrCAD_10.5\tools\Layout_Plus\library\QUADB.llb
Wed Aug 01 15:52:30 Loaded file C:\OrCAD\OrCAD_10.5\tools\Layout_Plus\library\RELAY.llb
Wed Aug 01 15:52:30 Loaded file C:\OrCAD\OrCAD_10.5\tools\Layout_Plus\library\RF.llb
Wed Aug 01 15:52:30 Loaded file C:\OrCAD\OrCAD_10.5\tools\Layout_Plus\library\SBUS.llb
Wed Aug 01 15:52:30 Loaded file C:\OrCAD\OrCAD_10.5\tools\Layout_Plus\library\SIMM050F.llb
Wed Aug 01 15:52:30 Loaded file C:\OrCAD\OrCAD_10.5\tools\Layout_Plus\library\SIMM050T.llb
Wed Aug 01 15:52:30 Loaded file C:\OrCAD\OrCAD_10.5\tools\Layout_Plus\library\SIMM100F.llb
Wed Aug 01 15:52:30 Loaded file C:\OrCAD\OrCAD_10.5\tools\Layout_Plus\library\SIMM100T.llb
Wed Aug 01 15:52:30 Loaded file C:\OrCAD\OrCAD_10.5\tools\Layout_Plus\library\SIP.llb
Wed Aug 01 15:52:30 Loaded file C:\OrCAD\OrCAD_10.5\tools\Layout_Plus\library\SM.llb
Wed Aug 01 15:52:30 Loaded file C:\OrCAD\OrCAD_10.5\tools\Layout_Plus\library\SOG.llb
Wed Aug 01 15:52:30 Loaded file C:\OrCAD\OrCAD_10.5\tools\Layout_Plus\library\SOJ.llb
Wed Aug 01 15:52:30 Loaded file C:\OrCAD\OrCAD_10.5\tools\Layout_Plus\library\STIFF.llb
Wed Aug 01 15:52:30 Loaded file C:\OrCAD\OrCAD_10.5\tools\Layout_Plus\library\TELE.llb
Wed Aug 01 15:52:30 Loaded file C:\OrCAD\OrCAD_10.5\tools\Layout_Plus\library\TM_AXIAL.llb
Wed Aug 01 15:52:30 Loaded file C:\OrCAD\OrCAD_10.5\tools\Layout_Plus\library\TM_CAP_P.llb
Wed Aug 01 15:52:30 Loaded file C:\OrCAD\OrCAD_10.5\tools\Layout_Plus\library\TM_CYLND.llb
Wed Aug 01 15:52:30 Loaded file C:\OrCAD\OrCAD_10.5\tools\Layout_Plus\library\TM_DIODE.llb
Wed Aug 01 15:52:30 Loaded file C:\OrCAD\OrCAD_10.5\tools\Layout_Plus\library\TM_DISC.llb
Wed Aug 01 15:52:30 Loaded file C:\OrCAD\OrCAD_10.5\tools\Layout_Plus\library\TM_RAD.llb
Wed Aug 01 15:52:30 Loaded file C:\OrCAD\OrCAD_10.5\tools\Layout_Plus\library\TO.llb
Wed Aug 01 15:52:30 Loaded file C:\OrCAD\OrCAD_10.5\tools\Layout_Plus\library\TRAINING.LLB
Wed Aug 01 15:52:30 Loaded file C:\OrCAD\OrCAD_10.5\tools\Layout_Plus\library\VRES.llb
Wed Aug 01 15:52:30 Loaded file C:\OrCAD\OrCAD_10.5\tools\Layout_Plus\library\WCON100T.llb
Wed Aug 01 15:52:30 Loaded file C:\OrCAD\OrCAD_10.5\tools\Layout_Plus\library\XT.llb
Wed Aug 01 15:52:30 Loaded file C:\OrCAD\OrCAD_10.5\tools\Layout_Plus\library\ZIGZAG.llb
Wed Aug 01 15:52:31 Loaded file D:\SETUP\LAYOUT FOOTPIN LIBRARY\LAYOUT LIBRARY MANUAL.LLB
Wed Aug 01 15:53:01 Loaded file C:\OrCAD\OrCAD_10.5\tools\Layout_Plus\data\template.imp
Wed Aug 01 15:53:01 Loaded file C:\OrCAD\OrCAD_10.5\tools\Layout_Plus\data\template.imp
Wed Aug 01 15:53:06 Loaded file D:\SETUP\LAYOUT FOOTPIN LIBRARY\QUYEN NEW.LLB
Wed Aug 01 15:53:14 Loaded file C:\OrCAD\OrCAD_10.5\tools\Layout_Plus\data\template.imp
Wed Aug 01 15:53:15 Loaded file C:\OrCAD\OrCAD_10.5\tools\Layout_Plus\data\template.imp
Wed Aug 01 15:53:17 Loaded file D:\SETUP\LAYOUT FOOTPIN LIBRARY\LAYOUT LIBRARY MANUAL.LLB
Wed Aug 01 15:54:30 Loaded file D:\SETUP\LAYOUT FOOTPIN LIBRARY\LAYOUT LIBRARY MANUAL.LLB
Wed Aug 01 15:56:37 Loaded file C:\OrCAD\OrCAD_10.5\tools\Layout_Plus\data\template.imp
Wed Aug 01 15:56:37 Loaded file C:\OrCAD\OrCAD_10.5\tools\Layout_Plus\data\template.imp
Wed Aug 01 15:56:39 Loaded file D:\SETUP\LAYOUT FOOTPIN LIBRARY\FULLACCESS(MODIFIED).LLB
Wed Aug 01 15:56:41 Loaded file D:\SETUP\LAYOUT FOOTPIN LIBRARY\QUYEN NEW.LLB
Wed Aug 01 15:56:43 Loaded file C:\OrCAD\OrCAD_10.5\tools\Layout_Plus\data\template.imp
Wed Aug 01 15:56:44 Loaded file D:\SETUP\LAYOUT FOOTPIN LIBRARY\KIEENNX.LLB
Wed Aug 01 15:56:51 Loaded file D:\SETUP\LAYOUT FOOTPIN LIBRARY\LUMINARYMICRO.LLB
Wed Aug 01 15:56:51 Footprint coords will be rounded to nearest base unit.
Wed Aug 01 15:56:51 Footprint coords will be rounded to nearest base unit.
Wed Aug 01 15:56:51 Footprint coords will be rounded to nearest base unit.
Wed Aug 01 15:56:51 Footprint coords will be rounded to nearest base unit.
Wed Aug 01 15:56:51 Footprint coords will be rounded to nearest base unit.
Wed Aug 01 15:56:51 Footprint coords will be rounded to nearest base unit.
Wed Aug 01 15:56:51 Footprint coords will be rounded to nearest base unit.
Wed Aug 01 15:56:51 Footprint coords will be rounded to nearest base unit.
Wed Aug 01 15:56:51 Footprint coords will be rounded to nearest base unit.
Wed Aug 01 15:56:51 Footprint coords will be rounded to nearest base unit.
Wed Aug 01 15:56:51 Footprint coords will be rounded to nearest base unit.
Wed Aug 01 15:56:51 Footprint coords will be rounded to nearest base unit.
Wed Aug 01 15:56:51 Footprint coords will be rounded to nearest base unit.
Wed Aug 01 15:56:51 Footprint coords will be rounded to nearest base unit.
Wed Aug 01 15:56:51 Footprint coords will be rounded to nearest base unit.
Wed Aug 01 15:56:51 Footprint coords will be rounded to nearest base unit.
Wed Aug 01 15:56:51 Footprint coords will be rounded to nearest base unit.
Wed Aug 01 15:56:51 Footprint coords will be rounded to nearest base unit.
Wed Aug 01 15:56:51 Footprint coords will be rounded to nearest base unit.
Wed Aug 01 15:56:51 Footprint coords will be rounded to nearest base unit.
Wed Aug 01 15:56:51 Footprint coords will be rounded to nearest base unit.
Wed Aug 01 15:56:51 Footprint coords will be rounded to nearest base unit.
Wed Aug 01 15:56:51 Footprint coords will be rounded to nearest base unit.
Wed Aug 01 15:56:51 Footprint coords will be rounded to nearest base unit.
Wed Aug 01 15:56:51 Footprint coords will be rounded to nearest base unit.
Wed Aug 01 15:56:51 Footprint coords will be rounded to nearest base unit.
Wed Aug 01 15:56:51 Footprint coords will be rounded to nearest base unit.
Wed Aug 01 15:56:51 Footprint coords will be rounded to nearest base unit.
Wed Aug 01 15:56:51 Footprint coords will be rounded to nearest base unit.
Wed Aug 01 15:56:51 Footprint coords will be rounded to nearest base unit.
Wed Aug 01 15:56:51 Footprint coords will be rounded to nearest base unit.
Wed Aug 01 15:56:51 Footprint coords will be rounded to nearest base unit.
Wed Aug 01 15:56:51 Footprint coords will be rounded to nearest base unit.
Wed Aug 01 15:56:51 Footprint coords will be rounded to nearest base unit.
Wed Aug 01 15:56:51 Footprint coords will be rounded to nearest base unit.
Wed Aug 01 15:56:51 Footprint coords will be rounded to nearest base unit.
Wed Aug 01 15:56:51 Footprint coords will be rounded to nearest base unit.
Wed Aug 01 15:56:51 Footprint coords will be rounded to nearest base unit.
Wed Aug 01 15:56:51 Footprint coords will be rounded to nearest base unit.
Wed Aug 01 15:56:51 Footprint coords will be rounded to nearest base unit.
Wed Aug 01 15:56:51 Footprint coords will be rounded to nearest base unit.
Wed Aug 01 15:56:51 Footprint coords will be rounded to nearest base unit.
Wed Aug 01 15:56:51 Footprint coords will be rounded to nearest base unit.
Wed Aug 01 15:56:51 Footprint coords will be rounded to nearest base unit.
Wed Aug 01 15:56:51 Footprint coords will be rounded to nearest base unit.
Wed Aug 01 15:56:51 Footprint coords will be rounded to nearest base unit.
Wed Aug 01 15:56:51 Footprint coords will be rounded to nearest base unit.
Wed Aug 01 15:56:51 Footprint coords will be rounded to nearest base unit.
Wed Aug 01 15:56:51 Footprint coords will be rounded to nearest base unit.
Wed Aug 01 15:56:51 Footprint coords will be rounded to nearest base unit.
Wed Aug 01 15:56:51 Footprint coords will be rounded to nearest base unit.
Wed Aug 01 15:56:51 Footprint coords will be rounded to nearest base unit.
Wed Aug 01 15:56:51 Footprint coords will be rounded to nearest base unit.
Wed Aug 01 15:56:51 Footprint coords will be rounded to nearest base unit.
Wed Aug 01 15:56:51 Footprint coords will be rounded to nearest base unit.
Wed Aug 01 15:56:51 Footprint coords will be rounded to nearest base unit.
Wed Aug 01 15:56:51 Footprint coords will be rounded to nearest base unit.
Wed Aug 01 15:56:51 Footprint coords will be rounded to nearest base unit.
Wed Aug 01 15:56:51 Footprint coords will be rounded to nearest base unit.
Wed Aug 01 15:56:51 Footprint coords will be rounded to nearest base unit.
Wed Aug 01 15:56:51 Footprint coords will be rounded to nearest base unit.
Wed Aug 01 15:56:51 Footprint coords will be rounded to nearest base unit.
Wed Aug 01 15:56:51 Footprint coords will be rounded to nearest base unit.
Wed Aug 01 15:56:51 Footprint coords will be rounded to nearest base unit.
Wed Aug 01 15:56:51 Footprint coords will be rounded to nearest base unit.
Wed Aug 01 15:56:51 Footprint coords will be rounded to nearest base unit.
Wed Aug 01 15:56:51 Footprint coords will be rounded to nearest base unit.
Wed Aug 01 15:56:51 Footprint coords will be rounded to nearest base unit.
Wed Aug 01 15:56:51 Footprint coords will be rounded to nearest base unit.
Wed Aug 01 15:56:51 Footprint coords will be rounded to nearest base unit.
Wed Aug 01 15:56:51 Footprint coords will be rounded to nearest base unit.
Wed Aug 01 15:56:51 Footprint coords will be rounded to nearest base unit.
Wed Aug 01 15:56:51 Footprint coords will be rounded to nearest base unit.
Wed Aug 01 15:56:51 Footprint coords will be rounded to nearest base unit.
Wed Aug 01 15:56:51 Footprint coords will be rounded to nearest base unit.
Wed Aug 01 15:56:51 Footprint coords will be rounded to nearest base unit.
Wed Aug 01 15:56:51 Footprint coords will be rounded to nearest base unit.
Wed Aug 01 15:56:51 Footprint coords will be rounded to nearest base unit.
Wed Aug 01 15:56:51 Footprint coords will be rounded to nearest base unit.
Wed Aug 01 15:56:51 Footprint coords will be rounded to nearest base unit.
Wed Aug 01 15:56:51 Footprint coords will be rounded to nearest base unit.
Wed Aug 01 15:56:51 Footprint coords will be rounded to nearest base unit.
Wed Aug 01 15:56:51 Footprint coords will be rounded to nearest base unit.
Wed Aug 01 15:56:51 Footprint coords will be rounded to nearest base unit.
Wed Aug 01 15:56:51 Footprint coords will be rounded to nearest base unit.
Wed Aug 01 15:56:51 Footprint coords will be rounded to nearest base unit.
Wed Aug 01 15:56:51 Footprint coords will be rounded to nearest base unit.
Wed Aug 01 15:56:51 Footprint coords will be rounded to nearest base unit.
Wed Aug 01 15:56:51 Footprint coords will be rounded to nearest base unit.
Wed Aug 01 15:56:51 Footprint coords will be rounded to nearest base unit.
Wed Aug 01 15:56:51 Footprint coords will be rounded to nearest base unit.
Wed Aug 01 15:56:51 Footprint coords will be rounded to nearest base unit.
Wed Aug 01 15:56:51 Footprint coords will be rounded to nearest base unit.
Wed Aug 01 15:56:51 Footprint coords will be rounded to nearest base unit.
Wed Aug 01 15:56:51 Footprint coords will be rounded to nearest base unit.
Wed Aug 01 15:56:51 Footprint coords will be rounded to nearest base unit.
Wed Aug 01 15:56:51 Footprint coords will be rounded to nearest base unit.
Wed Aug 01 15:56:51 Footprint coords will be rounded to nearest base unit.
Wed Aug 01 15:56:51 Footprint coords will be rounded to nearest base unit.
Wed Aug 01 15:56:51 Footprint coords will be rounded to nearest base unit.
Wed Aug 01 15:56:51 Footprint coords will be rounded to nearest base unit.
Wed Aug 01 15:56:51 Footprint coords will be rounded to nearest base unit.
Wed Aug 01 15:56:51 Footprint coords will be rounded to nearest base unit.
Wed Aug 01 15:56:51 Footprint coords will be rounded to nearest base unit.
Wed Aug 01 15:56:51 Footprint coords will be rounded to nearest base unit.
Wed Aug 01 15:56:51 Footprint coords will be rounded to nearest base unit.
Wed Aug 01 15:56:51 Footprint coords will be rounded to nearest base unit.
Wed Aug 01 15:56:51 Footprint coords will be rounded to nearest base unit.
Wed Aug 01 15:56:51 Footprint coords will be rounded to nearest base unit.
Wed Aug 01 15:56:51 Footprint coords will be rounded to nearest base unit.
Wed Aug 01 15:56:51 Footprint coords will be rounded to nearest base unit.
Wed Aug 01 15:56:51 Footprint coords will be rounded to nearest base unit.
Wed Aug 01 15:56:51 Footprint coords will be rounded to nearest base unit.
Wed Aug 01 15:56:51 Footprint coords will be rounded to nearest base unit.
Wed Aug 01 15:56:51 Footprint coords will be rounded to nearest base unit.
Wed Aug 01 15:56:51 Footprint coords will be rounded to nearest base unit.
Wed Aug 01 15:56:51 Footprint coords will be rounded to nearest base unit.
Wed Aug 01 15:56:51 Footprint coords will be rounded to nearest base unit.
Wed Aug 01 15:56:51 Footprint coords will be rounded to nearest base unit.
Wed Aug 01 15:56:51 Footprint coords will be rounded to nearest base unit.
Wed Aug 01 15:56:51 Footprint coords will be rounded to nearest base unit.
Wed Aug 01 15:56:51 Footprint coords will be rounded to nearest base unit.
Wed Aug 01 15:56:51 Footprint coords will be rounded to nearest base unit.
Wed Aug 01 15:56:51 Footprint coords will be rounded to nearest base unit.
Wed Aug 01 15:56:51 Footprint coords will be rounded to nearest base unit.
Wed Aug 01 15:56:51 Footprint coords will be rounded to nearest base unit.
Wed Aug 01 15:56:51 Footprint coords will be rounded to nearest base unit.
Wed Aug 01 15:56:51 Footprint coords will be rounded to nearest base unit.
Wed Aug 01 15:56:51 Footprint coords will be rounded to nearest base unit.
Wed Aug 01 15:56:51 Footprint coords will be rounded to nearest base unit.
Wed Aug 01 15:56:51 Footprint coords will be rounded to nearest base unit.
Wed Aug 01 15:56:51 Footprint coords will be rounded to nearest base unit.
Wed Aug 01 15:56:51 Footprint coords will be rounded to nearest base unit.
Wed Aug 01 15:56:51 Footprint coords will be rounded to nearest base unit.
Wed Aug 01 15:56:51 Loaded file D:\SETUP\LAYOUT FOOTPIN LIBRARY\QUYEN NEW.LLB
Wed Aug 01 15:57:09 Loaded file C:\OrCAD\OrCAD_10.5\tools\Layout_Plus\data\template.imp
Wed Aug 01 15:57:09 Loaded file C:\OrCAD\OrCAD_10.5\tools\Layout_Plus\data\template.imp
Wed Aug 01 15:57:12 Loaded file D:\SETUP\LAYOUT FOOTPIN LIBRARY\QUYEN NEW.LLB
Wed Aug 01 15:57:15 Loaded file C:\OrCAD\OrCAD_10.5\tools\Layout_Plus\data\template.imp
Wed Aug 01 15:57:16 Loaded file C:\OrCAD\OrCAD_10.5\tools\Layout_Plus\data\template.imp
Wed Aug 01 15:57:17 Loaded file C:\OrCAD\OrCAD_10.5\tools\Layout_Plus\data\template.imp
Wed Aug 01 15:57:19 Loaded file C:\OrCAD\OrCAD_10.5\tools\Layout_Plus\data\template.imp
Wed Aug 01 15:57:20 Loaded file C:\OrCAD\OrCAD_10.5\tools\Layout_Plus\data\template.imp
Wed Aug 01 15:57:20 Loaded file C:\OrCAD\OrCAD_10.5\tools\Layout_Plus\data\template.imp
Wed Aug 01 15:57:21 Loaded file C:\OrCAD\OrCAD_10.5\tools\Layout_Plus\data\template.imp
Wed Aug 01 15:57:41 Loaded file D:\SETUP\LAYOUT FOOTPIN LIBRARY\QUYEN NEW.LLB
Wed Aug 01 15:57:44 Loaded file C:\OrCAD\OrCAD_10.5\tools\Layout_Plus\data\template.imp
Wed Aug 01 15:57:44 Loaded file C:\OrCAD\OrCAD_10.5\tools\Layout_Plus\data\template.imp
Wed Aug 01 15:57:52 Loaded file D:\SETUP\LAYOUT FOOTPIN LIBRARY\QUYEN NEW.LLB
Wed Aug 01 15:57:56 Loaded file C:\OrCAD\OrCAD_10.5\tools\Layout_Plus\data\template.imp
Wed Aug 01 15:57:59 Loaded file D:\SETUP\LAYOUT FOOTPIN LIBRARY\QUYEN NEW.LLB
Wed Aug 01 15:57:59 Loaded file D:\SETUP\LAYOUT FOOTPIN LIBRARY\FULLACCESS(MODIFIED).LLB
Wed Aug 01 15:58:02 Loaded file C:\OrCAD\OrCAD_10.5\tools\Layout_Plus\data\template.imp
Wed Aug 01 15:58:02 Loaded file C:\OrCAD\OrCAD_10.5\tools\Layout_Plus\data\template.imp
Wed Aug 01 15:58:05 Loaded file D:\SETUP\LAYOUT FOOTPIN LIBRARY\QUYEN NEW.LLB
Wed Aug 01 15:58:09 Loaded file C:\OrCAD\OrCAD_10.5\tools\Layout_Plus\data\template.imp
Wed Aug 01 15:58:11 Loaded file C:\OrCAD\OrCAD_10.5\tools\Layout_Plus\data\template.imp
Wed Aug 01 15:58:13 Loaded file C:\OrCAD\OrCAD_10.5\tools\Layout_Plus\data\template.imp
Wed Aug 01 15:58:14 Loaded file C:\OrCAD\OrCAD_10.5\tools\Layout_Plus\data\template.imp
Wed Aug 01 15:58:14 Loaded file C:\OrCAD\OrCAD_10.5\tools\Layout_Plus\data\template.imp
Wed Aug 01 15:58:15 Loaded file C:\OrCAD\OrCAD_10.5\tools\Layout_Plus\data\template.imp
Wed Aug 01 15:58:16 Loaded file C:\OrCAD\OrCAD_10.5\tools\Layout_Plus\data\template.imp
Wed Aug 01 15:58:17 Loaded file C:\OrCAD\OrCAD_10.5\tools\Layout_Plus\data\template.imp
Wed Aug 01 15:58:18 Loaded file C:\OrCAD\OrCAD_10.5\tools\Layout_Plus\data\template.imp
Wed Aug 01 15:58:19 Loaded file C:\OrCAD\OrCAD_10.5\tools\Layout_Plus\data\template.imp
Wed Aug 01 15:58:21 Loaded file C:\OrCAD\OrCAD_10.5\tools\Layout_Plus\data\template.imp
Wed Aug 01 15:58:22 Loaded file C:\OrCAD\OrCAD_10.5\tools\Layout_Plus\data\template.imp
Wed Aug 01 15:58:22 Loaded file C:\OrCAD\OrCAD_10.5\tools\Layout_Plus\data\template.imp
Wed Aug 01 15:58:23 Loaded file C:\OrCAD\OrCAD_10.5\tools\Layout_Plus\data\template.imp
Wed Aug 01 15:58:25 Loaded file C:\OrCAD\OrCAD_10.5\tools\Layout_Plus\data\template.imp
Wed Aug 01 15:58:26 Loaded file C:\OrCAD\OrCAD_10.5\tools\Layout_Plus\data\template.imp
Wed Aug 01 15:58:26 Loaded file C:\OrCAD\OrCAD_10.5\tools\Layout_Plus\data\template.imp
Wed Aug 01 15:58:27 Loaded file C:\OrCAD\OrCAD_10.5\tools\Layout_Plus\data\template.imp
Wed Aug 01 15:58:27 Loaded file C:\OrCAD\OrCAD_10.5\tools\Layout_Plus\data\template.imp
Wed Aug 01 15:59:09 Loaded file D:\SETUP\LAYOUT FOOTPIN LIBRARY\LAYOUT_SMD.LLB
Wed Aug 01 15:59:09 Loaded file D:\SETUP\LAYOUT FOOTPIN LIBRARY\FULLACCESS(MODIFIED).LLB
Wed Aug 01 15:59:09 Loaded file D:\SETUP\LAYOUT FOOTPIN LIBRARY\QUYEN NEW.LLB
Wed Aug 01 15:59:09 Loaded file D:\SETUP\LAYOUT FOOTPIN LIBRARY\QUYEN NEW.LLB
Wed Aug 01 15:59:09 Loaded file D:\SETUP\LAYOUT FOOTPIN LIBRARY\FULLACCESS(MODIFIED).LLB
Wed Aug 01 15:59:26 Loaded file C:\OrCAD\OrCAD_10.5\tools\Layout_Plus\data\template.imp
Wed Aug 01 15:59:26 Loaded file C:\OrCAD\OrCAD_10.5\tools\Layout_Plus\data\template.imp
Wed Aug 01 15:59:29 Loaded file D:\SETUP\LAYOUT FOOTPIN LIBRARY\QUYEN NEW.LLB
Wed Aug 01 15:59:35 Loaded file C:\OrCAD\OrCAD_10.5\tools\Layout_Plus\data\template.imp
Wed Aug 01 15:59:39 Loaded file D:\SETUP\LAYOUT FOOTPIN LIBRARY\QUYEN NEW.LLB
Wed Aug 01 16:05:13 Loaded file C:\OrCAD\OrCAD_10.5\tools\Layout_Plus\data\template.imp
Wed Aug 01 16:05:13 Loaded file C:\OrCAD\OrCAD_10.5\tools\Layout_Plus\data\template.imp
Wed Aug 01 16:05:19 Loaded file D:\SETUP\LAYOUT FOOTPIN LIBRARY\QUYEN NEW.LLB
Wed Aug 01 16:05:27 Loaded file C:\OrCAD\OrCAD_10.5\tools\Layout_Plus\data\template.imp
Wed Aug 01 16:05:28 Loaded file C:\OrCAD\OrCAD_10.5\tools\Layout_Plus\data\template.imp
Wed Aug 01 16:05:29 Loaded file C:\OrCAD\OrCAD_10.5\tools\Layout_Plus\data\template.imp
Wed Aug 01 16:05:30 Loaded file D:\SETUP\LAYOUT FOOTPIN LIBRARY\QUYEN NEW.LLB
Wed Aug 01 16:05:30 Loaded file D:\SETUP\LAYOUT FOOTPIN LIBRARY\QUYEN NEW.LLB
Wed Aug 01 16:05:30 Loaded file D:\SETUP\LAYOUT FOOTPIN LIBRARY\LAYOUT LIBRARY MANUAL.LLB
Wed Aug 01 16:05:30 Loaded file D:\SETUP\LAYOUT FOOTPIN LIBRARY\LAYOUT LIBRARY MANUAL.LLB
Wed Aug 01 16:05:30 Loaded file D:\SETUP\LAYOUT FOOTPIN LIBRARY\KIEENNX.LLB
Wed Aug 01 16:06:03 Loaded file C:\OrCAD\OrCAD_10.5\tools\Layout_Plus\data\template.imp
Wed Aug 01 16:06:03 Loaded file C:\OrCAD\OrCAD_10.5\tools\Layout_Plus\data\template.imp
Wed Aug 01 16:06:08 Loaded file D:\SETUP\LAYOUT FOOTPIN LIBRARY\QUYEN NEW.LLB
Wed Aug 01 16:06:26 Loaded file C:\OrCAD\OrCAD_10.5\tools\Layout_Plus\data\template.imp
Wed Aug 01 16:06:27 Loaded file D:\SETUP\LAYOUT FOOTPIN LIBRARY\QUYEN NEW.LLB
Wed Aug 01 16:06:27 Loaded file D:\SETUP\LAYOUT FOOTPIN LIBRARY\QUYEN NEW.LLB
Wed Aug 01 16:15:58 Loaded file C:\OrCAD\OrCAD_10.5\tools\Layout_Plus\data\template.imp
Wed Aug 01 16:15:58 Loaded file C:\OrCAD\OrCAD_10.5\tools\Layout_Plus\data\template.imp
Wed Aug 01 16:16:03 Loaded file C:\USERS\JO\DESKTOP\AEC32_UP.LLB
Wed Aug 01 16:16:08 Loaded file D:\SETUP\LAYOUT FOOTPIN LIBRARY\KIEENNX.LLB
Wed Aug 01 16:17:35 Loaded file D:\SETUP\LAYOUT FOOTPIN LIBRARY\LAYOUT_SMD.LLB
Wed Aug 01 16:17:37 Loaded file D:\SETUP\LAYOUT FOOTPIN LIBRARY\QUYEN NEW.LLB
Wed Aug 01 16:17:40 Loaded file C:\OrCAD\OrCAD_10.5\tools\Layout_Plus\data\template.imp
Wed Aug 01 16:17:41 Loaded file D:\SETUP\LAYOUT FOOTPIN LIBRARY\FULLACCESS(MODIFIED).LLB
Wed Aug 01 16:17:42 Loaded file C:\OrCAD\OrCAD_10.5\tools\Layout_Plus\data\template.imp
Wed Aug 01 16:17:42 Loaded file C:\OrCAD\OrCAD_10.5\tools\Layout_Plus\data\template.imp
Wed Aug 01 16:17:47 Loaded file D:\SETUP\LAYOUT FOOTPIN LIBRARY\QUYEN NEW.LLB
Wed Aug 01 16:17:54 Loaded file C:\OrCAD\OrCAD_10.5\tools\Layout_Plus\data\template.imp
Wed Aug 01 16:17:55 Loaded file D:\SETUP\LAYOUT FOOTPIN LIBRARY\LAYOUT LIBRARY MANUAL.LLB
Wed Aug 01 16:19:12 Loaded file C:\OrCAD\OrCAD_10.5\tools\Layout_Plus\data\template.imp
Wed Aug 01 16:19:12 Loaded file C:\OrCAD\OrCAD_10.5\tools\Layout_Plus\data\template.imp
Wed Aug 01 16:19:23 Loaded file C:\OrCAD\OrCAD_10.5\tools\Layout_Plus\data\template.imp
Wed Aug 01 16:19:31 Loaded file D:\SETUP\LAYOUT FOOTPIN LIBRARY\QUYEN NEW.LLB
Wed Aug 01 16:19:36 Loaded file C:\OrCAD\OrCAD_10.5\tools\Layout_Plus\data\template.imp
Wed Aug 01 16:19:38 Loaded file C:\OrCAD\OrCAD_10.5\tools\Layout_Plus\data\template.imp
Wed Aug 01 16:19:39 Loaded file C:\OrCAD\OrCAD_10.5\tools\Layout_Plus\data\template.imp
Wed Aug 01 16:19:39 Loaded file C:\OrCAD\OrCAD_10.5\tools\Layout_Plus\data\template.imp
Wed Aug 01 16:19:41 Loaded file D:\SETUP\LAYOUT FOOTPIN LIBRARY\LAYOUT LIBRARY MANUAL.LLB
Wed Aug 01 16:19:58 Loaded file C:\OrCAD\OrCAD_10.5\tools\Layout_Plus\data\template.imp
Wed Aug 01 16:19:58 Loaded file C:\OrCAD\OrCAD_10.5\tools\Layout_Plus\data\template.imp
Wed Aug 01 16:20:02 Loaded file D:\SETUP\LAYOUT FOOTPIN LIBRARY\QUYEN NEW.LLB
Wed Aug 01 16:20:10 Loaded file C:\OrCAD\OrCAD_10.5\tools\Layout_Plus\data\template.imp
Wed Aug 01 16:20:18 Loaded file D:\SETUP\LAYOUT FOOTPIN LIBRARY\LAYOUT LIBRARY MANUAL.LLB
Wed Aug 01 16:20:22 Loaded file D:\SETUP\LAYOUT FOOTPIN LIBRARY\FULLACCESS(MODIFIED).LLB
Wed Aug 01 16:20:24 Loaded file C:\OrCAD\OrCAD_10.5\tools\Layout_Plus\data\template.imp
Wed Aug 01 16:20:24 Loaded file C:\OrCAD\OrCAD_10.5\tools\Layout_Plus\data\template.imp
Wed Aug 01 16:20:27 Loaded file D:\SETUP\LAYOUT FOOTPIN LIBRARY\QUYEN NEW.LLB
Wed Aug 01 16:20:52 Loaded file C:\OrCAD\OrCAD_10.5\tools\Layout_Plus\data\template.imp
Wed Aug 01 16:20:59 Loaded file D:\SETUP\LAYOUT FOOTPIN LIBRARY\QUYEN NEW.LLB
Wed Aug 01 16:20:59 Loaded file D:\SETUP\LAYOUT FOOTPIN LIBRARY\LAYOUT LIBRARY MANUAL.LLB
Wed Aug 01 16:21:01 Loaded file C:\OrCAD\OrCAD_10.5\tools\Layout_Plus\data\template.imp
Wed Aug 01 16:21:01 Loaded file C:\OrCAD\OrCAD_10.5\tools\Layout_Plus\data\template.imp
Wed Aug 01 16:21:03 Loaded file D:\SETUP\LAYOUT FOOTPIN LIBRARY\QUYEN NEW.LLB
Wed Aug 01 16:21:06 Loaded file C:\OrCAD\OrCAD_10.5\tools\Layout_Plus\data\template.imp
Wed Aug 01 16:21:07 Loaded file D:\SETUP\LAYOUT FOOTPIN LIBRARY\QUYEN NEW.LLB
Wed Aug 01 16:21:08 Loaded file C:\OrCAD\OrCAD_10.5\tools\Layout_Plus\data\template.imp
Wed Aug 01 16:21:08 Loaded file C:\OrCAD\OrCAD_10.5\tools\Layout_Plus\data\template.imp
Wed Aug 01 16:21:12 Loaded file D:\SETUP\LAYOUT FOOTPIN LIBRARY\QUYEN NEW.LLB
Wed Aug 01 16:21:18 Loaded file C:\OrCAD\OrCAD_10.5\tools\Layout_Plus\data\template.imp
Wed Aug 01 16:21:19 Loaded file D:\SETUP\LAYOUT FOOTPIN LIBRARY\QUYEN NEW.LLB
Wed Aug 01 16:21:21 Loaded file C:\OrCAD\OrCAD_10.5\tools\Layout_Plus\data\template.imp
Wed Aug 01 16:21:21 Loaded file C:\OrCAD\OrCAD_10.5\tools\Layout_Plus\data\template.imp
Wed Aug 01 16:21:25 Loaded file D:\SETUP\LAYOUT FOOTPIN LIBRARY\QUYEN NEW.LLB
Wed Aug 01 16:21:29 Loaded file C:\OrCAD\OrCAD_10.5\tools\Layout_Plus\data\template.imp
Wed Aug 01 16:21:37 Loaded file C:\OrCAD\OrCAD_10.5\tools\Layout_Plus\data\template.imp
Wed Aug 01 16:21:38 Loaded file D:\SETUP\LAYOUT FOOTPIN LIBRARY\QUYEN NEW.LLB
Wed Aug 01 16:21:40 Loaded file C:\OrCAD\OrCAD_10.5\tools\Layout_Plus\data\template.imp
Wed Aug 01 16:21:40 Loaded file C:\OrCAD\OrCAD_10.5\tools\Layout_Plus\data\template.imp
Wed Aug 01 16:21:45 Loaded file C:\OrCAD\OrCAD_10.5\tools\Layout_Plus\data\template.imp
Wed Aug 01 16:21:46 Loaded file C:\OrCAD\OrCAD_10.5\tools\Layout_Plus\data\template.imp
Wed Aug 01 16:21:48 Loaded file C:\OrCAD\OrCAD_10.5\tools\Layout_Plus\data\template.imp
Wed Aug 01 16:21:48 Loaded file C:\OrCAD\OrCAD_10.5\tools\Layout_Plus\data\template.imp
Wed Aug 01 16:21:48 Loaded file C:\OrCAD\OrCAD_10.5\tools\Layout_Plus\data\template.imp
Wed Aug 01 16:22:13 Loaded file D:\SETUP\LAYOUT FOOTPIN LIBRARY\QUYEN NEW.LLB
Wed Aug 01 16:22:15 Loaded file C:\OrCAD\OrCAD_10.5\tools\Layout_Plus\data\template.imp
Wed Aug 01 16:22:16 Loaded file D:\SETUP\LAYOUT FOOTPIN LIBRARY\LAYOUT LIBRARY MANUAL.LLB
Wed Aug 01 16:22:18 Loaded file D:\SETUP\LAYOUT FOOTPIN LIBRARY\LAYOUT LIBRARY MANUAL.LLB
Wed Aug 01 16:22:19 Loaded file C:\OrCAD\OrCAD_10.5\tools\Layout_Plus\data\template.imp
Wed Aug 01 16:22:19 Loaded file C:\OrCAD\OrCAD_10.5\tools\Layout_Plus\data\template.imp
Wed Aug 01 16:22:24 Loaded file D:\SETUP\LAYOUT FOOTPIN LIBRARY\QUYEN NEW.LLB
Wed Aug 01 16:22:28 Loaded file C:\OrCAD\OrCAD_10.5\tools\Layout_Plus\data\template.imp
Wed Aug 01 16:22:29 Loaded file D:\SETUP\LAYOUT FOOTPIN LIBRARY\QUYEN NEW.LLB
Wed Aug 01 16:25:47 Loaded file C:\OrCAD\OrCAD_10.5\tools\Layout_Plus\data\template.imp
Wed Aug 01 16:25:47 Loaded file C:\OrCAD\OrCAD_10.5\tools\Layout_Plus\data\template.imp
Wed Aug 01 16:25:50 Loaded file D:\SETUP\LAYOUT FOOTPIN LIBRARY\QUYEN NEW.LLB
Wed Aug 01 16:25:52 Loaded file C:\OrCAD\OrCAD_10.5\tools\Layout_Plus\data\template.imp
Wed Aug 01 16:25:52 Loaded file C:\OrCAD\OrCAD_10.5\tools\Layout_Plus\data\template.imp
Wed Aug 01 16:26:42 Loaded file C:\OrCAD\OrCAD_10.5\tools\Layout_Plus\data\template.imp
Wed Aug 01 16:26:42 Loaded file C:\OrCAD\OrCAD_10.5\tools\Layout_Plus\data\template.imp
Wed Aug 01 16:26:46 Loaded file D:\SETUP\LAYOUT FOOTPIN LIBRARY\QUYEN NEW.LLB
Wed Aug 01 16:26:49 Loaded file C:\OrCAD\OrCAD_10.5\tools\Layout_Plus\data\template.imp
Wed Aug 01 16:26:50 Loaded file D:\SETUP\LAYOUT FOOTPIN LIBRARY\LAYOUT LIBRARY MANUAL.LLB
Wed Aug 01 16:26:53 Loaded file C:\OrCAD\OrCAD_10.5\tools\Layout_Plus\data\template.imp
Wed Aug 01 16:26:53 Loaded file C:\OrCAD\OrCAD_10.5\tools\Layout_Plus\data\template.imp
Wed Aug 01 16:26:57 Loaded file D:\SETUP\LAYOUT FOOTPIN LIBRARY\QUYEN NEW.LLB
Wed Aug 01 16:27:00 Loaded file C:\OrCAD\OrCAD_10.5\tools\Layout_Plus\data\template.imp
Wed Aug 01 16:27:01 Loaded file D:\SETUP\LAYOUT FOOTPIN LIBRARY\QUYEN NEW.LLB
Wed Aug 01 16:28:11 Loaded file C:\OrCAD\OrCAD_10.5\tools\Layout_Plus\data\template.imp
Wed Aug 01 16:28:11 Loaded file C:\OrCAD\OrCAD_10.5\tools\Layout_Plus\data\template.imp
Wed Aug 01 16:28:15 Loaded file C:\OrCAD\OrCAD_10.5\tools\Layout_Plus\data\template.imp
Wed Aug 01 16:28:16 Loaded file D:\SETUP\LAYOUT FOOTPIN LIBRARY\FULLACCESS(MODIFIED).LLB
Wed Aug 01 16:28:42 Loaded file C:\OrCAD\OrCAD_10.5\tools\Layout_Plus\data\template.imp
Wed Aug 01 16:28:42 Loaded file C:\OrCAD\OrCAD_10.5\tools\Layout_Plus\data\template.imp
Wed Aug 01 16:28:45 Loaded file D:\SETUP\LAYOUT FOOTPIN LIBRARY\QUYEN NEW.LLB
Wed Aug 01 16:28:48 Loaded file C:\OrCAD\OrCAD_10.5\tools\Layout_Plus\data\template.imp
Wed Aug 01 16:28:49 Loaded file D:\SETUP\LAYOUT FOOTPIN LIBRARY\FULLACCESS(MODIFIED).LLB
Wed Aug 01 16:28:53 Loaded file C:\OrCAD\OrCAD_10.5\tools\Layout_Plus\data\template.imp
Wed Aug 01 16:28:53 Loaded file C:\OrCAD\OrCAD_10.5\tools\Layout_Plus\data\template.imp
Wed Aug 01 16:28:55 Loaded file D:\SETUP\LAYOUT FOOTPIN LIBRARY\QUYEN NEW.LLB
Wed Aug 01 16:28:58 Loaded file C:\OrCAD\OrCAD_10.5\tools\Layout_Plus\data\template.imp
Wed Aug 01 16:29:00 Loaded file C:\OrCAD\OrCAD_10.5\tools\Layout_Plus\data\template.imp
Wed Aug 01 16:29:00 Loaded file C:\OrCAD\OrCAD_10.5\tools\Layout_Plus\data\template.imp
Wed Aug 01 16:29:00 Loaded file C:\OrCAD\OrCAD_10.5\tools\Layout_Plus\data\template.imp
Wed Aug 01 16:29:00 Loaded file C:\OrCAD\OrCAD_10.5\tools\Layout_Plus\data\template.imp
Wed Aug 01 16:29:00 Loaded file C:\OrCAD\OrCAD_10.5\tools\Layout_Plus\data\template.imp
Wed Aug 01 16:29:02 Loaded file D:\SETUP\LAYOUT FOOTPIN LIBRARY\QUYEN NEW.LLB
Wed Aug 01 16:29:03 Loaded file C:\OrCAD\OrCAD_10.5\tools\Layout_Plus\data\template.imp
Wed Aug 01 16:29:03 Loaded file C:\OrCAD\OrCAD_10.5\tools\Layout_Plus\data\template.imp
Wed Aug 01 16:29:07 Loaded file D:\SETUP\LAYOUT FOOTPIN LIBRARY\QUYEN NEW.LLB
Wed Aug 01 16:29:10 Loaded file C:\OrCAD\OrCAD_10.5\tools\Layout_Plus\data\template.imp
Wed Aug 01 16:29:10 Loaded file D:\SETUP\LAYOUT FOOTPIN LIBRARY\QUYEN NEW.LLB
Wed Aug 01 16:29:21 Loaded file C:\OrCAD\OrCAD_10.5\tools\Layout_Plus\data\template.imp
Wed Aug 01 16:29:21 Loaded file C:\OrCAD\OrCAD_10.5\tools\Layout_Plus\data\template.imp
Wed Aug 01 16:29:23 Loaded file D:\SETUP\LAYOUT FOOTPIN LIBRARY\QUYEN NEW.LLB
Wed Aug 01 16:29:27 Loaded file C:\OrCAD\OrCAD_10.5\tools\Layout_Plus\data\template.imp
Wed Aug 01 16:29:28 Loaded file D:\SETUP\LAYOUT FOOTPIN LIBRARY\QUYEN NEW.LLB
Wed Aug 01 16:29:30 Loaded file C:\OrCAD\OrCAD_10.5\tools\Layout_Plus\data\template.imp
Wed Aug 01 16:29:30 Loaded file C:\OrCAD\OrCAD_10.5\tools\Layout_Plus\data\template.imp
Wed Aug 01 16:29:34 Loaded file D:\SETUP\LAYOUT FOOTPIN LIBRARY\QUYEN NEW.LLB
Wed Aug 01 16:29:36 Loaded file C:\OrCAD\OrCAD_10.5\tools\Layout_Plus\data\template.imp
Wed Aug 01 16:29:37 Loaded file C:\OrCAD\OrCAD_10.5\tools\Layout_Plus\data\template.imp
Wed Aug 01 16:29:38 Loaded file D:\SETUP\LAYOUT FOOTPIN LIBRARY\QUYEN NEW.LLB
Wed Aug 01 16:29:38 Loaded file D:\SETUP\LAYOUT FOOTPIN LIBRARY\KIEENNX.LLB
Wed Aug 01 16:29:38 Loaded file D:\SETUP\LAYOUT FOOTPIN LIBRARY\QUYEN NEW.LLB
Wed Aug 01 16:29:40 Loaded file C:\OrCAD\OrCAD_10.5\tools\Layout_Plus\data\template.imp
Wed Aug 01 16:29:40 Loaded file C:\OrCAD\OrCAD_10.5\tools\Layout_Plus\data\template.imp
Wed Aug 01 16:29:43 Loaded file D:\SETUP\LAYOUT FOOTPIN LIBRARY\QUYEN NEW.LLB
Wed Aug 01 16:29:50 Loaded file C:\OrCAD\OrCAD_10.5\tools\Layout_Plus\data\template.imp
Wed Aug 01 16:29:52 Loaded file D:\SETUP\LAYOUT FOOTPIN LIBRARY\LAYOUT_SMD.LLB
Wed Aug 01 16:29:53 Loaded file C:\OrCAD\OrCAD_10.5\tools\Layout_Plus\data\template.imp
Wed Aug 01 16:29:53 Loaded file C:\OrCAD\OrCAD_10.5\tools\Layout_Plus\data\template.imp
Wed Aug 01 16:29:56 Loaded file D:\SETUP\LAYOUT FOOTPIN LIBRARY\QUYEN NEW.LLB
Wed Aug 01 16:30:03 Loaded file C:\OrCAD\OrCAD_10.5\tools\Layout_Plus\data\template.imp
Wed Aug 01 16:30:04 Loaded file D:\SETUP\LAYOUT FOOTPIN LIBRARY\QUYEN NEW.LLB
Wed Aug 01 16:30:10 Loaded file C:\OrCAD\OrCAD_10.5\tools\Layout_Plus\data\template.imp
Wed Aug 01 16:30:10 Loaded file C:\OrCAD\OrCAD_10.5\tools\Layout_Plus\data\template.imp
Wed Aug 01 16:30:12 Loaded file D:\SETUP\LAYOUT FOOTPIN LIBRARY\QUYEN NEW.LLB
Wed Aug 01 16:30:17 Loaded file C:\OrCAD\OrCAD_10.5\tools\Layout_Plus\data\template.imp
Wed Aug 01 16:30:18 Loaded file C:\OrCAD\OrCAD_10.5\tools\Layout_Plus\data\template.imp
Wed Aug 01 16:30:19 Loaded file C:\OrCAD\OrCAD_10.5\tools\Layout_Plus\data\template.imp
Wed Aug 01 16:30:23 Loaded file D:\SETUP\LAYOUT FOOTPIN LIBRARY\QUYEN NEW.LLB
Wed Aug 01 16:30:25 Loaded file C:\OrCAD\OrCAD_10.5\tools\Layout_Plus\data\template.imp
Wed Aug 01 16:30:25 Loaded file C:\OrCAD\OrCAD_10.5\tools\Layout_Plus\data\template.imp
Wed Aug 01 16:30:30 Loaded file D:\SETUP\LAYOUT FOOTPIN LIBRARY\QUYEN NEW.LLB
Wed Aug 01 16:30:32 Loaded file C:\OrCAD\OrCAD_10.5\tools\Layout_Plus\data\template.imp
Wed Aug 01 16:30:33 Loaded file D:\SETUP\LAYOUT FOOTPIN LIBRARY\QUYEN NEW.LLB
Wed Aug 01 16:36:01 Loaded file C:\OrCAD\OrCAD_10.5\tools\Layout_Plus\data\template.imp
Wed Aug 01 16:36:01 Loaded file C:\OrCAD\OrCAD_10.5\tools\Layout_Plus\data\template.imp
Wed Aug 01 16:36:04 Loaded file D:\SETUP\LAYOUT FOOTPIN LIBRARY\QUYEN NEW.LLB
Wed Aug 01 16:36:06 Loaded file C:\OrCAD\OrCAD_10.5\tools\Layout_Plus\data\template.imp
Wed Aug 01 16:36:26 Loaded file C:\OrCAD\OrCAD_10.5\tools\Layout_Plus\data\template.imp
Wed Aug 01 16:36:26 Loaded file C:\OrCAD\OrCAD_10.5\tools\Layout_Plus\data\template.imp
Wed Aug 01 16:36:28 Loaded file D:\SETUP\LAYOUT FOOTPIN LIBRARY\QUYEN NEW.LLB
Wed Aug 01 16:36:30 Loaded file C:\OrCAD\OrCAD_10.5\tools\Layout_Plus\data\template.imp
Wed Aug 01 16:37:10 Loaded file C:\OrCAD\OrCAD_10.5\tools\Layout_Plus\data\template.imp
Wed Aug 01 16:37:10 Loaded file C:\OrCAD\OrCAD_10.5\tools\Layout_Plus\data\template.imp
Wed Aug 01 16:37:17 Loaded file D:\SETUP\LAYOUT FOOTPIN LIBRARY\QUYEN NEW.LLB
Wed Aug 01 16:37:21 Loaded file C:\OrCAD\OrCAD_10.5\tools\Layout_Plus\data\template.imp
Wed Aug 01 16:37:22 Loaded file C:\USERS\JO\DESKTOP\AEC32_UP.LLB
Wed Aug 01 16:37:22 Loaded file D:\SETUP\LAYOUT FOOTPIN LIBRARY\KIEENNX.LLB
Wed Aug 01 16:37:22 Loaded file D:\SETUP\LAYOUT FOOTPIN LIBRARY\LAYOUT LIBRARY MANUAL.LLB
Wed Aug 01 16:37:22 Loaded file D:\SETUP\LAYOUT FOOTPIN LIBRARY\LAYOUT_SMD.LLB
Wed Aug 01 16:37:22 Loaded file D:\SETUP\LAYOUT FOOTPIN LIBRARY\FULLACCESS(MODIFIED).LLB
Wed Aug 01 16:37:22 Loaded file D:\SETUP\LAYOUT FOOTPIN LIBRARY\LUMINARYMICRO.LLB
Wed Aug 01 16:37:22 Loaded file D:\SETUP\LAYOUT FOOTPIN LIBRARY\QUYEN NEW.LLB
Wed Aug 01 16:37:22 Loaded file D:\SETUP\LAYOUT FOOTPIN LIBRARY\QUYEN.LLB
Wed Aug 01 16:37:22 Loaded file C:\OrCAD\OrCAD_10.5\tools\Layout_Plus\library\BCON100T.llb
Wed Aug 01 16:37:22 Loaded file C:\OrCAD\OrCAD_10.5\tools\Layout_Plus\library\BCON156T.llb
Wed Aug 01 16:37:22 Loaded file C:\OrCAD\OrCAD_10.5\tools\Layout_Plus\library\BGA.llb
Wed Aug 01 16:37:22 Loaded file C:\OrCAD\OrCAD_10.5\tools\Layout_Plus\library\CLCC.llb
Wed Aug 01 16:37:22 Loaded file C:\OrCAD\OrCAD_10.5\tools\Layout_Plus\library\DCON050T.llb
Wed Aug 01 16:37:22 Loaded file C:\OrCAD\OrCAD_10.5\tools\Layout_Plus\library\DCON085T.llb
Wed Aug 01 16:37:22 Loaded file C:\OrCAD\OrCAD_10.5\tools\Layout_Plus\library\DIMM050F.llb
Wed Aug 01 16:37:22 Loaded file C:\OrCAD\OrCAD_10.5\tools\Layout_Plus\library\DIMM050T.llb
Wed Aug 01 16:37:22 Loaded file C:\OrCAD\OrCAD_10.5\tools\Layout_Plus\library\DIN.llb
Wed Aug 01 16:37:22 Loaded file C:\OrCAD\OrCAD_10.5\tools\Layout_Plus\library\DIP100B.llb
Wed Aug 01 16:37:22 Loaded file C:\OrCAD\OrCAD_10.5\tools\Layout_Plus\library\DIP100T.llb
Wed Aug 01 16:37:22 Loaded file C:\OrCAD\OrCAD_10.5\tools\Layout_Plus\library\DSUBT.llb
Wed Aug 01 16:37:22 Loaded file C:\OrCAD\OrCAD_10.5\tools\Layout_Plus\library\DSUBT_HD.LLB
Wed Aug 01 16:37:22 Loaded file C:\OrCAD\OrCAD_10.5\tools\Layout_Plus\library\ECON100T.llb
Wed Aug 01 16:37:22 Loaded file C:\OrCAD\OrCAD_10.5\tools\Layout_Plus\library\FBUS.llb
Wed Aug 01 16:37:22 Loaded file C:\OrCAD\OrCAD_10.5\tools\Layout_Plus\library\ISA.llb
Wed Aug 01 16:37:22 Loaded file C:\OrCAD\OrCAD_10.5\tools\Layout_Plus\library\JUMPER.LLB
Wed Aug 01 16:37:22 Loaded file C:\OrCAD\OrCAD_10.5\tools\Layout_Plus\library\LAYOUT.llb
Wed Aug 01 16:37:22 Loaded file C:\OrCAD\OrCAD_10.5\tools\Layout_Plus\library\LCON100T.llb
Wed Aug 01 16:37:22 Loaded file C:\OrCAD\OrCAD_10.5\tools\Layout_Plus\library\PC104.llb
Wed Aug 01 16:37:22 Loaded file C:\OrCAD\OrCAD_10.5\tools\Layout_Plus\library\PCI.llb
Wed Aug 01 16:37:22 Loaded file C:\OrCAD\OrCAD_10.5\tools\Layout_Plus\library\PCON100T.llb
Wed Aug 01 16:37:22 Loaded file C:\OrCAD\OrCAD_10.5\tools\Layout_Plus\library\PCON156T.llb
Wed Aug 01 16:37:22 Loaded file C:\OrCAD\OrCAD_10.5\tools\Layout_Plus\library\PGA.llb
Wed Aug 01 16:37:22 Loaded file C:\OrCAD\OrCAD_10.5\tools\Layout_Plus\library\PLCC.llb
Wed Aug 01 16:37:22 Loaded file C:\OrCAD\OrCAD_10.5\tools\Layout_Plus\library\QUAD.llb
Wed Aug 01 16:37:22 Loaded file C:\OrCAD\OrCAD_10.5\tools\Layout_Plus\library\QUADB.llb
Wed Aug 01 16:37:22 Loaded file C:\OrCAD\OrCAD_10.5\tools\Layout_Plus\library\RELAY.llb
Wed Aug 01 16:37:22 Loaded file C:\OrCAD\OrCAD_10.5\tools\Layout_Plus\library\RF.llb
Wed Aug 01 16:37:22 Loaded file C:\OrCAD\OrCAD_10.5\tools\Layout_Plus\library\SBUS.llb
Wed Aug 01 16:37:22 Loaded file C:\OrCAD\OrCAD_10.5\tools\Layout_Plus\library\SIMM050F.llb
Wed Aug 01 16:37:22 Loaded file C:\OrCAD\OrCAD_10.5\tools\Layout_Plus\library\SIMM050T.llb
Wed Aug 01 16:37:22 Loaded file C:\OrCAD\OrCAD_10.5\tools\Layout_Plus\library\SIMM100F.llb
Wed Aug 01 16:37:22 Loaded file C:\OrCAD\OrCAD_10.5\tools\Layout_Plus\library\SIMM100T.llb
Wed Aug 01 16:37:22 Loaded file C:\OrCAD\OrCAD_10.5\tools\Layout_Plus\library\SIP.llb
Wed Aug 01 16:37:22 Loaded file C:\OrCAD\OrCAD_10.5\tools\Layout_Plus\library\SM.llb
Wed Aug 01 16:37:22 Loaded file C:\OrCAD\OrCAD_10.5\tools\Layout_Plus\library\SOG.llb
Wed Aug 01 16:37:22 Loaded file C:\OrCAD\OrCAD_10.5\tools\Layout_Plus\library\SOJ.llb
Wed Aug 01 16:37:22 Loaded file C:\OrCAD\OrCAD_10.5\tools\Layout_Plus\library\STIFF.llb
Wed Aug 01 16:37:22 Loaded file C:\OrCAD\OrCAD_10.5\tools\Layout_Plus\library\TELE.llb
Wed Aug 01 16:37:22 Loaded file C:\OrCAD\OrCAD_10.5\tools\Layout_Plus\library\TM_AXIAL.llb
Wed Aug 01 16:37:22 Loaded file C:\OrCAD\OrCAD_10.5\tools\Layout_Plus\library\TM_CAP_P.llb
Wed Aug 01 16:37:22 Loaded file C:\OrCAD\OrCAD_10.5\tools\Layout_Plus\library\TM_CYLND.llb
Wed Aug 01 16:37:22 Loaded file C:\OrCAD\OrCAD_10.5\tools\Layout_Plus\library\TM_DIODE.llb
Wed Aug 01 16:37:22 Loaded file C:\OrCAD\OrCAD_10.5\tools\Layout_Plus\library\TM_DISC.llb
Wed Aug 01 16:37:22 Loaded file C:\OrCAD\OrCAD_10.5\tools\Layout_Plus\library\TM_RAD.llb
Wed Aug 01 16:37:22 Loaded file C:\OrCAD\OrCAD_10.5\tools\Layout_Plus\library\TO.llb
Wed Aug 01 16:37:22 Loaded file C:\OrCAD\OrCAD_10.5\tools\Layout_Plus\library\TRAINING.LLB
Wed Aug 01 16:37:22 Loaded file C:\OrCAD\OrCAD_10.5\tools\Layout_Plus\library\VRES.llb
Wed Aug 01 16:37:22 Loaded file C:\OrCAD\OrCAD_10.5\tools\Layout_Plus\library\WCON100T.llb
Wed Aug 01 16:37:22 Loaded file C:\OrCAD\OrCAD_10.5\tools\Layout_Plus\library\XT.llb
Wed Aug 01 16:37:22 Loaded file C:\OrCAD\OrCAD_10.5\tools\Layout_Plus\library\ZIGZAG.llb
Wed Aug 01 16:37:22 Loaded file D:\SETUP\LAYOUT FOOTPIN LIBRARY\QUYEN NEW.LLB
Wed Aug 01 16:37:24 Loaded file C:\OrCAD\OrCAD_10.5\tools\Layout_Plus\data\template.imp
Wed Aug 01 16:37:24 Loaded file C:\OrCAD\OrCAD_10.5\tools\Layout_Plus\data\template.imp
Wed Aug 01 16:37:28 Loaded file C:\USERS\JO\DESKTOP\AEC32_UP.LLB
Wed Aug 01 16:37:38 Loaded file C:\OrCAD\OrCAD_10.5\tools\Layout_Plus\data\template.imp
Wed Aug 01 16:37:39 Loaded file C:\OrCAD\OrCAD_10.5\tools\Layout_Plus\data\template.imp
Wed Aug 01 16:37:48 Loaded file C:\USERS\JO\DESKTOP\AEC32_UP.LLB
Wed Aug 01 16:38:04 Loaded file C:\OrCAD\OrCAD_10.5\tools\Layout_Plus\data\template.imp
Wed Aug 01 16:38:04 Loaded file C:\OrCAD\OrCAD_10.5\tools\Layout_Plus\data\template.imp
Wed Aug 01 16:38:07 Loaded file D:\SETUP\LAYOUT FOOTPIN LIBRARY\QUYEN NEW.LLB
Wed Aug 01 16:38:10 Loaded file C:\OrCAD\OrCAD_10.5\tools\Layout_Plus\data\template.imp
Wed Aug 01 16:38:16 Loaded file C:\OrCAD\OrCAD_10.5\tools\Layout_Plus\data\template.imp
Wed Aug 01 16:38:17 Loaded file D:\SETUP\LAYOUT FOOTPIN LIBRARY\LAYOUT LIBRARY MANUAL.LLB
Wed Aug 01 16:38:19 Loaded file C:\OrCAD\OrCAD_10.5\tools\Layout_Plus\data\template.imp
Wed Aug 01 16:38:19 Loaded file C:\OrCAD\OrCAD_10.5\tools\Layout_Plus\data\template.imp
Wed Aug 01 16:38:24 Loaded file C:\OrCAD\OrCAD_10.5\tools\Layout_Plus\data\template.imp
Wed Aug 01 16:38:26 Loaded file C:\OrCAD\OrCAD_10.5\tools\Layout_Plus\data\template.imp
Wed Aug 01 16:38:27 Loaded file C:\OrCAD\OrCAD_10.5\tools\Layout_Plus\data\template.imp
Wed Aug 01 16:38:27 Loaded file C:\OrCAD\OrCAD_10.5\tools\Layout_Plus\data\template.imp
Wed Aug 01 16:38:28 Loaded file C:\OrCAD\OrCAD_10.5\tools\Layout_Plus\data\template.imp
Wed Aug 01 16:38:29 Loaded file C:\OrCAD\OrCAD_10.5\tools\Layout_Plus\data\template.imp
Wed Aug 01 16:38:30 Loaded file C:\OrCAD\OrCAD_10.5\tools\Layout_Plus\data\template.imp
Wed Aug 01 16:38:30 Loaded file C:\OrCAD\OrCAD_10.5\tools\Layout_Plus\data\template.imp
Wed Aug 01 16:38:30 Loaded file C:\OrCAD\OrCAD_10.5\tools\Layout_Plus\data\template.imp
Wed Aug 01 16:38:31 Loaded file C:\OrCAD\OrCAD_10.5\tools\Layout_Plus\data\template.imp
Wed Aug 01 16:39:12 Loaded file D:\SETUP\LAYOUT FOOTPIN LIBRARY\QUYEN NEW.LLB
Wed Aug 01 16:39:14 Loaded file C:\OrCAD\OrCAD_10.5\tools\Layout_Plus\data\template.imp
Wed Aug 01 16:39:14 Loaded file D:\SETUP\LAYOUT FOOTPIN LIBRARY\KIEENNX.LLB
Wed Aug 01 16:42:56 Loaded file C:\OrCAD\OrCAD_10.5\tools\Layout_Plus\data\template.imp
Wed Aug 01 16:42:56 Loaded file C:\OrCAD\OrCAD_10.5\tools\Layout_Plus\data\template.imp
Wed Aug 01 16:43:06 Loaded file C:\OrCAD\OrCAD_10.5\tools\Layout_Plus\data\template.imp
Wed Aug 01 16:43:07 Loaded file C:\OrCAD\OrCAD_10.5\tools\Layout_Plus\data\template.imp
Wed Aug 01 16:43:08 Loaded file C:\OrCAD\OrCAD_10.5\tools\Layout_Plus\data\template.imp
Wed Aug 01 16:43:09 Loaded file C:\OrCAD\OrCAD_10.5\tools\Layout_Plus\data\template.imp
Wed Aug 01 16:43:09 Loaded file C:\OrCAD\OrCAD_10.5\tools\Layout_Plus\data\template.imp
Wed Aug 01 16:43:13 Loaded file D:\SETUP\LAYOUT FOOTPIN LIBRARY\QUYEN NEW.LLB
Wed Aug 01 16:43:16 Loaded file C:\OrCAD\OrCAD_10.5\tools\Layout_Plus\data\template.imp
Wed Aug 01 16:43:17 Loaded file C:\OrCAD\OrCAD_10.5\tools\Layout_Plus\data\template.imp
Wed Aug 01 16:43:21 Loaded file D:\SETUP\LAYOUT FOOTPIN LIBRARY\KIEENNX.LLB
Wed Aug 01 16:44:06 Loaded file C:\OrCAD\OrCAD_10.5\tools\Layout_Plus\data\template.imp
Wed Aug 01 16:44:06 Loaded file C:\OrCAD\OrCAD_10.5\tools\Layout_Plus\data\template.imp
Wed Aug 01 16:46:05 Loaded file D:\SETUP\LAYOUT FOOTPIN LIBRARY\QUYEN NEW.LLB
Wed Aug 01 16:46:08 Loaded file C:\OrCAD\OrCAD_10.5\tools\Layout_Plus\data\template.imp
Wed Aug 01 16:46:09 Loaded file C:\OrCAD\OrCAD_10.5\tools\Layout_Plus\data\template.imp
Wed Aug 01 16:46:33 Loaded file C:\OrCAD\OrCAD_10.5\tools\Layout_Plus\data\template.imp
Wed Aug 01 16:46:33 Loaded file C:\OrCAD\OrCAD_10.5\tools\Layout_Plus\data\template.imp
Wed Aug 01 16:46:38 Loaded file D:\SETUP\LAYOUT FOOTPIN LIBRARY\QUYEN NEW.LLB
Wed Aug 01 16:46:40 Loaded file C:\OrCAD\OrCAD_10.5\tools\Layout_Plus\data\template.imp
Wed Aug 01 16:47:30 Loaded file C:\OrCAD\OrCAD_10.5\tools\Layout_Plus\data\template.imp
Wed Aug 01 16:47:30 Loaded file C:\OrCAD\OrCAD_10.5\tools\Layout_Plus\data\template.imp
Wed Aug 01 16:47:34 Loaded file D:\SETUP\LAYOUT FOOTPIN LIBRARY\LUMINARYMICRO.LLB
Wed Aug 01 16:47:36 Loaded file C:\OrCAD\OrCAD_10.5\tools\Layout_Plus\data\template.imp
Wed Aug 01 16:47:36 Footprint coords will be rounded to nearest base unit.
Wed Aug 01 16:47:36 Footprint coords will be rounded to nearest base unit.
Wed Aug 01 16:47:36 Footprint coords will be rounded to nearest base unit.
Wed Aug 01 16:47:36 Footprint coords will be rounded to nearest base unit.
Wed Aug 01 16:47:36 Footprint coords will be rounded to nearest base unit.
Wed Aug 01 16:47:36 Footprint coords will be rounded to nearest base unit.
Wed Aug 01 16:47:36 Footprint coords will be rounded to nearest base unit.
Wed Aug 01 16:47:36 Footprint coords will be rounded to nearest base unit.
Wed Aug 01 16:47:36 Footprint coords will be rounded to nearest base unit.
Wed Aug 01 16:47:36 Footprint coords will be rounded to nearest base unit.
Wed Aug 01 16:47:36 Footprint coords will be rounded to nearest base unit.
Wed Aug 01 16:47:36 Footprint coords will be rounded to nearest base unit.
Wed Aug 01 16:47:36 Footprint coords will be rounded to nearest base unit.
Wed Aug 01 16:47:36 Footprint coords will be rounded to nearest base unit.
Wed Aug 01 16:47:36 Footprint coords will be rounded to nearest base unit.
Wed Aug 01 16:47:36 Footprint coords will be rounded to nearest base unit.
Wed Aug 01 16:47:36 Footprint coords will be rounded to nearest base unit.
Wed Aug 01 16:47:36 Footprint coords will be rounded to nearest base unit.
Wed Aug 01 16:47:36 Footprint coords will be rounded to nearest base unit.
Wed Aug 01 16:47:36 Footprint coords will be rounded to nearest base unit.
Wed Aug 01 16:47:36 Footprint coords will be rounded to nearest base unit.
Wed Aug 01 16:47:36 Footprint coords will be rounded to nearest base unit.
Wed Aug 01 16:47:36 Footprint coords will be rounded to nearest base unit.
Wed Aug 01 16:47:36 Footprint coords will be rounded to nearest base unit.
Wed Aug 01 16:48:23 Loaded file C:\OrCAD\OrCAD_10.5\tools\Layout_Plus\data\template.imp
Wed Aug 01 16:48:23 Loaded file C:\OrCAD\OrCAD_10.5\tools\Layout_Plus\data\template.imp
Wed Aug 01 16:48:29 Loaded file C:\OrCAD\OrCAD_10.5\tools\Layout_Plus\data\template.imp
Wed Aug 01 16:48:29 Loaded file D:\SETUP\LAYOUT FOOTPIN LIBRARY\KIEENNX.LLB
Wed Aug 01 16:48:32 Loaded file C:\OrCAD\OrCAD_10.5\tools\Layout_Plus\data\template.imp
Wed Aug 01 16:48:32 Loaded file C:\OrCAD\OrCAD_10.5\tools\Layout_Plus\data\template.imp
Wed Aug 01 16:48:38 Loaded file C:\OrCAD\OrCAD_10.5\tools\Layout_Plus\data\template.imp
Wed Aug 01 16:48:39 Loaded file D:\SETUP\LAYOUT FOOTPIN LIBRARY\QUYEN NEW.LLB
Wed Aug 01 16:48:39 Loaded file E:\CODE PROJECT\TI-PCB\_DEFAULT.TCH
Wed Aug 01 16:48:39 Saved as file E:\CODE PROJECT\TI-PCB\_DEFAULT.TCH
Wed Aug 01 16:51:16 Error code 5200.306
Wed Aug 01 16:51:16 Saved as file Backup0.max
Wed Aug 01 16:51:16 Windows which were open at time of error:
Wed Aug 01 16:51:16 	ActiveWindow: Library Manager
Wed Aug 01 16:51:16 End-of-list
Wed Aug 01 16:51:16 Loaded file BACKUP0.MAX
Wed Aug 01 16:51:32 UserDiv from Layout.INI for AutoECO: 60
Wed Aug 01 16:51:32 Loaded file E:\CODE PROJECT\TI-PCB\_DEFAULT.TCH
Wed Aug 01 16:51:32 Loaded file C:\USERS\JO\DESKTOP\AEC32_UP.LLB
Wed Aug 01 16:51:32 Loaded file D:\SETUP\LAYOUT FOOTPIN LIBRARY\KIEENNX.LLB
Wed Aug 01 16:51:32 Loaded file D:\SETUP\LAYOUT FOOTPIN LIBRARY\LAYOUT LIBRARY MANUAL.LLB
Wed Aug 01 16:51:32 Loaded file D:\SETUP\LAYOUT FOOTPIN LIBRARY\LAYOUT_SMD.LLB
Wed Aug 01 16:51:32 Loaded file D:\SETUP\LAYOUT FOOTPIN LIBRARY\FULLACCESS(MODIFIED).LLB
Wed Aug 01 16:51:32 Loaded file D:\SETUP\LAYOUT FOOTPIN LIBRARY\LUMINARYMICRO.LLB
Wed Aug 01 16:51:32 Loaded file D:\SETUP\LAYOUT FOOTPIN LIBRARY\QUYEN NEW.LLB
Wed Aug 01 16:51:32 Loaded file D:\SETUP\LAYOUT FOOTPIN LIBRARY\QUYEN.LLB
Wed Aug 01 16:51:32 Loaded file C:\OrCAD\OrCAD_10.5\tools\Layout_Plus\library\BCON100T.llb
Wed Aug 01 16:51:32 Loaded file C:\OrCAD\OrCAD_10.5\tools\Layout_Plus\library\BCON156T.llb
Wed Aug 01 16:51:32 Loaded file C:\OrCAD\OrCAD_10.5\tools\Layout_Plus\library\BGA.llb
Wed Aug 01 16:51:32 Loaded file C:\OrCAD\OrCAD_10.5\tools\Layout_Plus\library\CLCC.llb
Wed Aug 01 16:51:32 Loaded file C:\OrCAD\OrCAD_10.5\tools\Layout_Plus\library\DCON050T.llb
Wed Aug 01 16:51:32 Loaded file C:\OrCAD\OrCAD_10.5\tools\Layout_Plus\library\DCON085T.llb
Wed Aug 01 16:51:32 Loaded file C:\OrCAD\OrCAD_10.5\tools\Layout_Plus\library\DIMM050F.llb
Wed Aug 01 16:51:32 Loaded file C:\OrCAD\OrCAD_10.5\tools\Layout_Plus\library\DIMM050T.llb
Wed Aug 01 16:51:32 Loaded file C:\OrCAD\OrCAD_10.5\tools\Layout_Plus\library\DIN.llb
Wed Aug 01 16:51:32 Loaded file C:\OrCAD\OrCAD_10.5\tools\Layout_Plus\library\DIP100B.llb
Wed Aug 01 16:51:32 Loaded file C:\OrCAD\OrCAD_10.5\tools\Layout_Plus\library\DIP100T.llb
Wed Aug 01 16:51:32 Loaded file C:\OrCAD\OrCAD_10.5\tools\Layout_Plus\library\DSUBT.llb
Wed Aug 01 16:51:32 Loaded file C:\OrCAD\OrCAD_10.5\tools\Layout_Plus\library\DSUBT_HD.LLB
Wed Aug 01 16:51:32 Loaded file C:\OrCAD\OrCAD_10.5\tools\Layout_Plus\library\ECON100T.llb
Wed Aug 01 16:51:32 Loaded file C:\OrCAD\OrCAD_10.5\tools\Layout_Plus\library\FBUS.llb
Wed Aug 01 16:51:32 Loaded file C:\OrCAD\OrCAD_10.5\tools\Layout_Plus\library\ISA.llb
Wed Aug 01 16:51:32 Loaded file C:\OrCAD\OrCAD_10.5\tools\Layout_Plus\library\JUMPER.LLB
Wed Aug 01 16:51:32 Loaded file C:\OrCAD\OrCAD_10.5\tools\Layout_Plus\library\LAYOUT.llb
Wed Aug 01 16:51:32 Loaded file C:\OrCAD\OrCAD_10.5\tools\Layout_Plus\library\LCON100T.llb
Wed Aug 01 16:51:32 Loaded file C:\OrCAD\OrCAD_10.5\tools\Layout_Plus\library\PC104.llb
Wed Aug 01 16:51:32 Loaded file C:\OrCAD\OrCAD_10.5\tools\Layout_Plus\library\PCI.llb
Wed Aug 01 16:51:32 Loaded file C:\OrCAD\OrCAD_10.5\tools\Layout_Plus\library\PCON100T.llb
Wed Aug 01 16:51:32 Loaded file C:\OrCAD\OrCAD_10.5\tools\Layout_Plus\library\PCON156T.llb
Wed Aug 01 16:51:32 Loaded file C:\OrCAD\OrCAD_10.5\tools\Layout_Plus\library\PGA.llb
Wed Aug 01 16:51:32 Loaded file C:\OrCAD\OrCAD_10.5\tools\Layout_Plus\library\PLCC.llb
Wed Aug 01 16:51:32 Loaded file C:\OrCAD\OrCAD_10.5\tools\Layout_Plus\library\QUAD.llb
Wed Aug 01 16:51:32 Loaded file C:\OrCAD\OrCAD_10.5\tools\Layout_Plus\library\QUADB.llb
Wed Aug 01 16:51:32 Loaded file C:\OrCAD\OrCAD_10.5\tools\Layout_Plus\library\RELAY.llb
Wed Aug 01 16:51:32 Loaded file C:\OrCAD\OrCAD_10.5\tools\Layout_Plus\library\RF.llb
Wed Aug 01 16:51:32 Loaded file C:\OrCAD\OrCAD_10.5\tools\Layout_Plus\library\SBUS.llb
Wed Aug 01 16:51:32 Loaded file C:\OrCAD\OrCAD_10.5\tools\Layout_Plus\library\SIMM050F.llb
Wed Aug 01 16:51:32 Loaded file C:\OrCAD\OrCAD_10.5\tools\Layout_Plus\library\SIMM050T.llb
Wed Aug 01 16:51:32 Loaded file C:\OrCAD\OrCAD_10.5\tools\Layout_Plus\library\SIMM100F.llb
Wed Aug 01 16:51:32 Loaded file C:\OrCAD\OrCAD_10.5\tools\Layout_Plus\library\SIMM100T.llb
Wed Aug 01 16:51:32 Loaded file C:\OrCAD\OrCAD_10.5\tools\Layout_Plus\library\SIP.llb
Wed Aug 01 16:51:32 Loaded file C:\OrCAD\OrCAD_10.5\tools\Layout_Plus\library\SM.llb
Wed Aug 01 16:51:32 Loaded file C:\OrCAD\OrCAD_10.5\tools\Layout_Plus\library\SOG.llb
Wed Aug 01 16:51:32 Loaded file C:\OrCAD\OrCAD_10.5\tools\Layout_Plus\library\SOJ.llb
Wed Aug 01 16:51:32 Loaded file C:\OrCAD\OrCAD_10.5\tools\Layout_Plus\library\STIFF.llb
Wed Aug 01 16:51:32 Loaded file C:\OrCAD\OrCAD_10.5\tools\Layout_Plus\library\TELE.llb
Wed Aug 01 16:51:32 Loaded file C:\OrCAD\OrCAD_10.5\tools\Layout_Plus\library\TM_AXIAL.llb
Wed Aug 01 16:51:32 Loaded file C:\OrCAD\OrCAD_10.5\tools\Layout_Plus\library\TM_CAP_P.llb
Wed Aug 01 16:51:32 Loaded file C:\OrCAD\OrCAD_10.5\tools\Layout_Plus\library\TM_CYLND.llb
Wed Aug 01 16:51:32 Loaded file C:\OrCAD\OrCAD_10.5\tools\Layout_Plus\library\TM_DIODE.llb
Wed Aug 01 16:51:32 Loaded file C:\OrCAD\OrCAD_10.5\tools\Layout_Plus\library\TM_DISC.llb
Wed Aug 01 16:51:32 Loaded file C:\OrCAD\OrCAD_10.5\tools\Layout_Plus\library\TM_RAD.llb
Wed Aug 01 16:51:32 Loaded file C:\OrCAD\OrCAD_10.5\tools\Layout_Plus\library\TO.llb
Wed Aug 01 16:51:32 Loaded file C:\OrCAD\OrCAD_10.5\tools\Layout_Plus\library\TRAINING.LLB
Wed Aug 01 16:51:32 Loaded file C:\OrCAD\OrCAD_10.5\tools\Layout_Plus\library\VRES.llb
Wed Aug 01 16:51:32 Loaded file C:\OrCAD\OrCAD_10.5\tools\Layout_Plus\library\WCON100T.llb
Wed Aug 01 16:51:32 Loaded file C:\OrCAD\OrCAD_10.5\tools\Layout_Plus\library\XT.llb
Wed Aug 01 16:51:32 Loaded file C:\OrCAD\OrCAD_10.5\tools\Layout_Plus\library\ZIGZAG.llb
Wed Aug 01 16:51:32 Loaded file D:\SETUP\LAYOUT FOOTPIN LIBRARY\LAYOUT LIBRARY MANUAL.LLB
Wed Aug 01 16:51:41 Loaded file C:\OrCAD\OrCAD_10.5\tools\Layout_Plus\data\template.imp
Wed Aug 01 16:51:41 Loaded file C:\OrCAD\OrCAD_10.5\tools\Layout_Plus\data\template.imp
Wed Aug 01 16:52:15 Loaded file C:\OrCAD\OrCAD_10.5\tools\Layout_Plus\data\template.imp
Wed Aug 01 16:52:15 Loaded file C:\OrCAD\OrCAD_10.5\tools\Layout_Plus\data\template.imp
Wed Aug 01 16:58:50 Loaded file D:\SETUP\LAYOUT FOOTPIN LIBRARY\LUMINARYMICRO.LLB
Wed Aug 01 16:58:50 Footprint coords will be rounded to nearest base unit.
Wed Aug 01 16:58:50 Footprint coords will be rounded to nearest base unit.
Wed Aug 01 16:58:50 Footprint coords will be rounded to nearest base unit.
Wed Aug 01 16:58:50 Footprint coords will be rounded to nearest base unit.
Wed Aug 01 16:58:50 Footprint coords will be rounded to nearest base unit.
Wed Aug 01 16:58:50 Footprint coords will be rounded to nearest base unit.
Wed Aug 01 16:58:50 Footprint coords will be rounded to nearest base unit.
Wed Aug 01 16:58:50 Footprint coords will be rounded to nearest base unit.
Wed Aug 01 16:58:50 Footprint coords will be rounded to nearest base unit.
Wed Aug 01 16:58:50 Footprint coords will be rounded to nearest base unit.
Wed Aug 01 16:58:50 Footprint coords will be rounded to nearest base unit.
Wed Aug 01 16:58:50 Footprint coords will be rounded to nearest base unit.
Wed Aug 01 16:58:50 Footprint coords will be rounded to nearest base unit.
Wed Aug 01 16:58:50 Footprint coords will be rounded to nearest base unit.
Wed Aug 01 16:58:50 Footprint coords will be rounded to nearest base unit.
Wed Aug 01 16:58:50 Footprint coords will be rounded to nearest base unit.
Wed Aug 01 16:58:50 Footprint coords will be rounded to nearest base unit.
Wed Aug 01 16:58:50 Footprint coords will be rounded to nearest base unit.
Wed Aug 01 16:58:50 Footprint coords will be rounded to nearest base unit.
Wed Aug 01 16:58:50 Footprint coords will be rounded to nearest base unit.
Wed Aug 01 16:58:50 Footprint coords will be rounded to nearest base unit.
Wed Aug 01 16:58:50 Footprint coords will be rounded to nearest base unit.
Wed Aug 01 16:58:50 Footprint coords will be rounded to nearest base unit.
Wed Aug 01 16:58:50 Footprint coords will be rounded to nearest base unit.
Wed Aug 01 16:58:50 Footprint coords will be rounded to nearest base unit.
Wed Aug 01 16:58:50 Footprint coords will be rounded to nearest base unit.
Wed Aug 01 16:58:50 Footprint coords will be rounded to nearest base unit.
Wed Aug 01 16:58:50 Footprint coords will be rounded to nearest base unit.
Wed Aug 01 16:58:50 Footprint coords will be rounded to nearest base unit.
Wed Aug 01 16:58:50 Footprint coords will be rounded to nearest base unit.
Wed Aug 01 16:58:50 Footprint coords will be rounded to nearest base unit.
Wed Aug 01 16:58:50 Footprint coords will be rounded to nearest base unit.
Wed Aug 01 16:58:50 Footprint coords will be rounded to nearest base unit.
Wed Aug 01 16:58:50 Footprint coords will be rounded to nearest base unit.
Wed Aug 01 16:58:50 Footprint coords will be rounded to nearest base unit.
Wed Aug 01 16:58:50 Footprint coords will be rounded to nearest base unit.
Wed Aug 01 16:58:50 Footprint coords will be rounded to nearest base unit.
Wed Aug 01 16:58:50 Footprint coords will be rounded to nearest base unit.
Wed Aug 01 16:58:50 Footprint coords will be rounded to nearest base unit.
Wed Aug 01 16:58:50 Footprint coords will be rounded to nearest base unit.
Wed Aug 01 16:58:50 Footprint coords will be rounded to nearest base unit.
Wed Aug 01 16:58:50 Footprint coords will be rounded to nearest base unit.
Wed Aug 01 16:58:50 Footprint coords will be rounded to nearest base unit.
Wed Aug 01 16:58:50 Footprint coords will be rounded to nearest base unit.
Wed Aug 01 16:58:50 Footprint coords will be rounded to nearest base unit.
Wed Aug 01 16:58:50 Footprint coords will be rounded to nearest base unit.
Wed Aug 01 16:58:50 Footprint coords will be rounded to nearest base unit.
Wed Aug 01 16:58:50 Footprint coords will be rounded to nearest base unit.
Wed Aug 01 16:58:50 Footprint coords will be rounded to nearest base unit.
Wed Aug 01 16:58:50 Footprint coords will be rounded to nearest base unit.
Wed Aug 01 16:58:50 Footprint coords will be rounded to nearest base unit.
Wed Aug 01 16:58:50 Footprint coords will be rounded to nearest base unit.
Wed Aug 01 16:58:50 Footprint coords will be rounded to nearest base unit.
Wed Aug 01 16:58:50 Footprint coords will be rounded to nearest base unit.
Wed Aug 01 16:58:50 Footprint coords will be rounded to nearest base unit.
Wed Aug 01 16:58:50 Footprint coords will be rounded to nearest base unit.
Wed Aug 01 16:58:50 Footprint coords will be rounded to nearest base unit.
Wed Aug 01 16:58:50 Footprint coords will be rounded to nearest base unit.
Wed Aug 01 16:58:50 Footprint coords will be rounded to nearest base unit.
Wed Aug 01 16:58:50 Footprint coords will be rounded to nearest base unit.
Wed Aug 01 16:58:50 Footprint coords will be rounded to nearest base unit.
Wed Aug 01 16:58:50 Footprint coords will be rounded to nearest base unit.
Wed Aug 01 16:58:50 Footprint coords will be rounded to nearest base unit.
Wed Aug 01 16:58:50 Footprint coords will be rounded to nearest base unit.
Wed Aug 01 16:58:50 Footprint coords will be rounded to nearest base unit.
Wed Aug 01 16:58:50 Footprint coords will be rounded to nearest base unit.
Wed Aug 01 16:58:50 Footprint coords will be rounded to nearest base unit.
Wed Aug 01 16:58:50 Footprint coords will be rounded to nearest base unit.
Wed Aug 01 16:58:50 Footprint coords will be rounded to nearest base unit.
Wed Aug 01 16:58:50 Footprint coords will be rounded to nearest base unit.
Wed Aug 01 16:58:50 Footprint coords will be rounded to nearest base unit.
Wed Aug 01 16:58:50 Footprint coords will be rounded to nearest base unit.
Wed Aug 01 16:58:50 Footprint coords will be rounded to nearest base unit.
Wed Aug 01 16:58:50 Footprint coords will be rounded to nearest base unit.
Wed Aug 01 16:58:50 Footprint coords will be rounded to nearest base unit.
Wed Aug 01 16:58:50 Footprint coords will be rounded to nearest base unit.
Wed Aug 01 16:58:50 Footprint coords will be rounded to nearest base unit.
Wed Aug 01 16:58:50 Footprint coords will be rounded to nearest base unit.
Wed Aug 01 16:58:50 Footprint coords will be rounded to nearest base unit.
Wed Aug 01 16:58:50 Footprint coords will be rounded to nearest base unit.
Wed Aug 01 16:58:50 Footprint coords will be rounded to nearest base unit.
Wed Aug 01 16:58:50 Footprint coords will be rounded to nearest base unit.
Wed Aug 01 16:58:50 Footprint coords will be rounded to nearest base unit.
Wed Aug 01 16:58:50 Footprint coords will be rounded to nearest base unit.
Wed Aug 01 16:58:50 Footprint coords will be rounded to nearest base unit.
Wed Aug 01 16:58:50 Footprint coords will be rounded to nearest base unit.
Wed Aug 01 16:58:50 Footprint coords will be rounded to nearest base unit.
Wed Aug 01 16:58:50 Footprint coords will be rounded to nearest base unit.
Wed Aug 01 16:58:50 Footprint coords will be rounded to nearest base unit.
Wed Aug 01 16:58:50 Footprint coords will be rounded to nearest base unit.
Wed Aug 01 16:58:50 Footprint coords will be rounded to nearest base unit.
Wed Aug 01 16:58:50 Footprint coords will be rounded to nearest base unit.
Wed Aug 01 16:58:50 Footprint coords will be rounded to nearest base unit.
Wed Aug 01 16:58:50 Footprint coords will be rounded to nearest base unit.
Wed Aug 01 16:58:50 Footprint coords will be rounded to nearest base unit.
Wed Aug 01 16:58:50 Footprint coords will be rounded to nearest base unit.
Wed Aug 01 16:58:50 Footprint coords will be rounded to nearest base unit.
Wed Aug 01 16:58:50 Footprint coords will be rounded to nearest base unit.
Wed Aug 01 16:58:50 Footprint coords will be rounded to nearest base unit.
Wed Aug 01 16:58:50 Footprint coords will be rounded to nearest base unit.
Wed Aug 01 16:58:50 Footprint coords will be rounded to nearest base unit.
Wed Aug 01 16:58:50 Footprint coords will be rounded to nearest base unit.
Wed Aug 01 16:58:50 Footprint coords will be rounded to nearest base unit.
Wed Aug 01 16:58:50 Footprint coords will be rounded to nearest base unit.
Wed Aug 01 16:58:50 Footprint coords will be rounded to nearest base unit.
Wed Aug 01 16:58:50 Footprint coords will be rounded to nearest base unit.
Wed Aug 01 16:58:50 Footprint coords will be rounded to nearest base unit.
Wed Aug 01 16:58:50 Footprint coords will be rounded to nearest base unit.
Wed Aug 01 16:58:50 Footprint coords will be rounded to nearest base unit.
Wed Aug 01 16:58:50 Footprint coords will be rounded to nearest base unit.
Wed Aug 01 16:58:50 Footprint coords will be rounded to nearest base unit.
Wed Aug 01 16:58:50 Footprint coords will be rounded to nearest base unit.
Wed Aug 01 16:58:50 Footprint coords will be rounded to nearest base unit.
Wed Aug 01 16:58:50 Footprint coords will be rounded to nearest base unit.
Wed Aug 01 16:58:50 Footprint coords will be rounded to nearest base unit.
Wed Aug 01 16:58:50 Footprint coords will be rounded to nearest base unit.
Wed Aug 01 16:58:50 Footprint coords will be rounded to nearest base unit.
Wed Aug 01 16:58:50 Footprint coords will be rounded to nearest base unit.
Wed Aug 01 16:58:50 Footprint coords will be rounded to nearest base unit.
Wed Aug 01 16:58:50 Footprint coords will be rounded to nearest base unit.
Wed Aug 01 16:58:50 Footprint coords will be rounded to nearest base unit.
Wed Aug 01 16:58:50 Footprint coords will be rounded to nearest base unit.
Wed Aug 01 16:58:50 Footprint coords will be rounded to nearest base unit.
Wed Aug 01 16:58:50 Footprint coords will be rounded to nearest base unit.
Wed Aug 01 16:58:50 Footprint coords will be rounded to nearest base unit.
Wed Aug 01 16:58:50 Footprint coords will be rounded to nearest base unit.
Wed Aug 01 16:58:50 Footprint coords will be rounded to nearest base unit.
Wed Aug 01 16:58:50 Footprint coords will be rounded to nearest base unit.
Wed Aug 01 16:58:50 Footprint coords will be rounded to nearest base unit.
Wed Aug 01 16:58:50 Footprint coords will be rounded to nearest base unit.
Wed Aug 01 16:58:50 Footprint coords will be rounded to nearest base unit.
Wed Aug 01 16:58:50 Footprint coords will be rounded to nearest base unit.
Wed Aug 01 16:58:50 Footprint coords will be rounded to nearest base unit.
Wed Aug 01 16:58:50 Footprint coords will be rounded to nearest base unit.
Wed Aug 01 16:58:50 Loaded file D:\SETUP\LAYOUT FOOTPIN LIBRARY\QUYEN NEW.LLB
Wed Aug 01 16:58:50 Loaded file D:\SETUP\LAYOUT FOOTPIN LIBRARY\QUYEN NEW.LLB
Wed Aug 01 16:58:50 Loaded file D:\SETUP\LAYOUT FOOTPIN LIBRARY\QUYEN NEW.LLB
Wed Aug 01 16:58:50 Loaded file D:\SETUP\LAYOUT FOOTPIN LIBRARY\FULLACCESS(MODIFIED).LLB
Wed Aug 01 16:58:50 Loaded file D:\SETUP\LAYOUT FOOTPIN LIBRARY\LAYOUT_SMD.LLB
Wed Aug 01 16:58:50 Loaded file D:\SETUP\LAYOUT FOOTPIN LIBRARY\FULLACCESS(MODIFIED).LLB
Wed Aug 01 16:58:50 Loaded file D:\SETUP\LAYOUT FOOTPIN LIBRARY\QUYEN NEW.LLB
Wed Aug 01 16:58:50 Loaded file D:\SETUP\LAYOUT FOOTPIN LIBRARY\QUYEN NEW.LLB
Wed Aug 01 16:58:50 Loaded file D:\SETUP\LAYOUT FOOTPIN LIBRARY\FULLACCESS(MODIFIED).LLB
Wed Aug 01 16:58:50 Loaded file D:\SETUP\LAYOUT FOOTPIN LIBRARY\QUYEN NEW.LLB
Wed Aug 01 16:58:50 Loaded file D:\SETUP\LAYOUT FOOTPIN LIBRARY\QUYEN NEW.LLB
Wed Aug 01 16:58:50 Loaded file D:\SETUP\LAYOUT FOOTPIN LIBRARY\LAYOUT LIBRARY MANUAL.LLB
Wed Aug 01 16:58:50 Loaded file D:\SETUP\LAYOUT FOOTPIN LIBRARY\LAYOUT LIBRARY MANUAL.LLB
Wed Aug 01 16:58:50 Loaded file D:\SETUP\LAYOUT FOOTPIN LIBRARY\KIEENNX.LLB
Wed Aug 01 16:58:50 Loaded file D:\SETUP\LAYOUT FOOTPIN LIBRARY\QUYEN NEW.LLB
Wed Aug 01 16:58:50 Loaded file D:\SETUP\LAYOUT FOOTPIN LIBRARY\QUYEN NEW.LLB
Wed Aug 01 16:58:50 Loaded file D:\SETUP\LAYOUT FOOTPIN LIBRARY\FULLACCESS(MODIFIED).LLB
Wed Aug 01 16:58:53 Loaded file D:\SETUP\LAYOUT FOOTPIN LIBRARY\FULLACCESS(MODIFIED).LLB
Wed Aug 01 16:58:53 Loaded file D:\SETUP\LAYOUT FOOTPIN LIBRARY\QUYEN NEW.LLB
Wed Aug 01 16:58:53 Loaded file D:\SETUP\LAYOUT FOOTPIN LIBRARY\LAYOUT LIBRARY MANUAL.LLB
Wed Aug 01 16:58:53 Loaded file D:\SETUP\LAYOUT FOOTPIN LIBRARY\QUYEN NEW.LLB
Wed Aug 01 16:58:53 Loaded file D:\SETUP\LAYOUT FOOTPIN LIBRARY\QUYEN NEW.LLB
Wed Aug 01 16:58:53 Loaded file D:\SETUP\LAYOUT FOOTPIN LIBRARY\QUYEN NEW.LLB
Wed Aug 01 16:58:53 Loaded file D:\SETUP\LAYOUT FOOTPIN LIBRARY\LAYOUT LIBRARY MANUAL.LLB
Wed Aug 01 16:58:53 Loaded file D:\SETUP\LAYOUT FOOTPIN LIBRARY\QUYEN NEW.LLB
Wed Aug 01 16:58:53 Loaded file D:\SETUP\LAYOUT FOOTPIN LIBRARY\LAYOUT LIBRARY MANUAL.LLB
Wed Aug 01 16:58:53 Loaded file D:\SETUP\LAYOUT FOOTPIN LIBRARY\QUYEN NEW.LLB
Wed Aug 01 16:58:53 Loaded file D:\SETUP\LAYOUT FOOTPIN LIBRARY\QUYEN NEW.LLB
Wed Aug 01 16:58:53 Loaded file D:\SETUP\LAYOUT FOOTPIN LIBRARY\QUYEN NEW.LLB
Wed Aug 01 16:58:53 Loaded file D:\SETUP\LAYOUT FOOTPIN LIBRARY\QUYEN NEW.LLB
Wed Aug 01 16:58:53 Loaded file D:\SETUP\LAYOUT FOOTPIN LIBRARY\QUYEN NEW.LLB
Wed Aug 01 16:58:53 Loaded file D:\SETUP\LAYOUT FOOTPIN LIBRARY\KIEENNX.LLB
Wed Aug 01 16:58:53 Loaded file D:\SETUP\LAYOUT FOOTPIN LIBRARY\QUYEN NEW.LLB
Wed Aug 01 16:58:53 Loaded file D:\SETUP\LAYOUT FOOTPIN LIBRARY\LAYOUT_SMD.LLB
Wed Aug 01 16:58:53 Loaded file D:\SETUP\LAYOUT FOOTPIN LIBRARY\QUYEN NEW.LLB
Wed Aug 01 16:58:53 Loaded file D:\SETUP\LAYOUT FOOTPIN LIBRARY\QUYEN NEW.LLB
Wed Aug 01 16:58:53 Loaded file D:\SETUP\LAYOUT FOOTPIN LIBRARY\QUYEN NEW.LLB
Wed Aug 01 16:58:53 Loaded file D:\SETUP\LAYOUT FOOTPIN LIBRARY\QUYEN NEW.LLB
Wed Aug 01 16:58:54 Loaded file E:\CODE PROJECT\TI-PCB\_DEFAULT.TCH
Wed Aug 01 16:58:54 Saved as file E:\CODE PROJECT\TI-PCB\_DEFAULT.TCH
